2026-05-18 05:48:37,952 - INFO - ==================================================
2026-05-18 05:48:37,952 - INFO - Запуск LiveM3U Bot
2026-05-18 05:48:37,953 - INFO - ==================================================
2026-05-18 05:48:37,953 - INFO - ==================================================
2026-05-18 05:48:37,953 - INFO - Запуск поискового робота LiveM3U
2026-05-18 05:48:37,953 - INFO - ==================================================
2026-05-18 05:48:37,953 - INFO - Загружаю плейлист от iptv-org...
2026-05-18 05:48:38,037 - INFO - Загружено 423 каналов из iptv-org
2026-05-18 05:48:38,038 - INFO - Проверяю дополнительный источник: https://iptv-org.github.io/iptv/countries/ru.m3u
2026-05-18 05:48:38,351 - INFO - Проверяю дополнительный источник: https://iptv-org.github.io/iptv/categories/news.m3u
2026-05-18 05:48:38,538 - INFO - Проверяю дополнительный источник: https://iptv-org.github.io/iptv/categories/movies.m3u
2026-05-18 05:48:38,852 - INFO - Найдено дополнительно 1282 каналов
2026-05-18 05:48:38,852 - INFO - Всего найдено уникальных потоков: 1705
2026-05-18 05:48:38,852 - INFO - Проверяю работоспособность потоков (20 одновременных проверок)...
2026-05-18 05:48:39,350 - INFO - ✓ Рабочий поток: 312 Кино (406p)
2026-05-18 05:48:39,352 - INFO - ✓ Рабочий поток: 312 ТВ (406p)
2026-05-18 05:48:39,386 - INFO - ✓ Рабочий поток: 7TV (576p)
2026-05-18 05:48:39,387 - INFO - ✓ Рабочий поток: 365 Дней (576p)
2026-05-18 05:48:39,420 - INFO - ✓ Рабочий поток: Amedia 2 (576p)
2026-05-18 05:48:39,430 - INFO - ✓ Рабочий поток: Amedia 1 (576p)
2026-05-18 05:48:39,439 - INFO - ✓ Рабочий поток: Amedia Hit (720p)
2026-05-18 05:48:39,446 - INFO - ✓ Рабочий поток: Angel TV Russian (720p)
2026-05-18 05:48:39,448 - INFO - ✓ Рабочий поток: Bollywood HD Russia (576p)
2026-05-18 05:48:39,527 - INFO - ✓ Рабочий поток: 360° Новости (1080p)
2026-05-18 05:48:39,566 - INFO - ✓ Рабочий поток: 15+ Music (1080p)
2026-05-18 05:48:39,618 - INFO - ✓ Рабочий поток: alpha Cinema (1080p)
2026-05-18 05:48:39,634 - INFO - ✓ Рабочий поток: CGTN Русский (1080p)
2026-05-18 05:48:39,709 - INFO - ✓ Рабочий поток: BRIDGE Classic (576p)
2026-05-18 05:48:39,712 - INFO - ✓ Рабочий поток: BRIDGE (576p)
2026-05-18 05:48:39,747 - INFO - ✓ Рабочий поток: 360° (1080p)
2026-05-18 05:48:39,784 - INFO - ✓ Рабочий поток: BRIDGE Hits (576p)
2026-05-18 05:48:39,805 - INFO - ✓ Рабочий поток: 2x2 (576i)
2026-05-18 05:48:39,824 - INFO - ✓ Рабочий поток: Carousel (1080p)
2026-05-18 05:48:39,878 - INFO - ✓ Рабочий поток: alpha Moretime (1080p)
2026-05-18 05:48:39,881 - INFO - ✓ Рабочий поток: Ani (576p)
2026-05-18 05:48:40,076 - INFO - ✓ Рабочий поток: Channel 5 International (576i)
2026-05-18 05:48:40,258 - INFO - ✓ Рабочий поток: DanceHits80
2026-05-18 05:48:40,305 - INFO - ✓ Рабочий поток: ARTN TV (1080p) [Not 24/7]
2026-05-18 05:48:40,376 - INFO - ✓ Рабочий поток: 12 канал (1080p)
2026-05-18 05:48:40,405 - INFO - ✓ Рабочий поток: Channel 10 (576i)
2026-05-18 05:48:40,522 - INFO - ✓ Рабочий поток: Cinema
2026-05-18 05:48:40,772 - INFO - ✓ Рабочий поток: Dasturxon TV (576p)
2026-05-18 05:48:40,914 - INFO - ✓ Рабочий поток: DW Russian (1080p)
2026-05-18 05:48:41,042 - INFO - ✓ Рабочий поток: Drive (576i)
2026-05-18 05:48:41,180 - INFO - ✓ Рабочий поток: Europa Plus TV (1080p)
2026-05-18 05:48:41,300 - INFO - ✓ Рабочий поток: FAN (1080p)
2026-05-18 05:48:41,334 - INFO - ✓ Рабочий поток: ETV+ (720p)
2026-05-18 05:48:41,553 - INFO - ✓ Рабочий поток: Glazami Turista (576i)
2026-05-18 05:48:41,558 - INFO - ✓ Рабочий поток: FoodTime (1080p)
2026-05-18 05:48:41,633 - INFO - ✓ Рабочий поток: Gulli Girl (720p)
2026-05-18 05:48:41,816 - INFO - ✓ Рабочий поток: Hollywood HD (1080p)
2026-05-18 05:48:41,898 - INFO - ✓ Рабочий поток: KHL (720p)
2026-05-18 05:48:42,074 - INFO - ✓ Рабочий поток: KHL Prime (720p)
2026-05-18 05:48:42,489 - INFO - Проверено 50/1705, рабочих: 39
2026-05-18 05:48:42,555 - INFO - ✓ Рабочий поток: Kino 24 (720p)
2026-05-18 05:48:43,297 - INFO - ✓ Рабочий поток: Leomax 24 (1080p)
2026-05-18 05:48:43,851 - INFO - ✓ Рабочий поток: Love Nature (1080p)
2026-05-18 05:48:44,103 - INFO - ✓ Рабочий поток: Life TV (432p) [Not 24/7]
2026-05-18 05:48:44,296 - INFO - ✓ Рабочий поток: Makon TV (576i)
2026-05-18 05:48:50,046 - INFO - ✓ Рабочий поток: Match! Strana (720p)
2026-05-18 05:48:50,354 - INFO - ✓ Рабочий поток: MMA TV.com (1080p)
2026-05-18 05:48:50,525 - INFO - ✓ Рабочий поток: Maná Tserkov' Onlayn (1080p) [Not 24/7]
2026-05-18 05:48:50,837 - INFO - ✓ Рабочий поток: Moldova 1 (1080p)
2026-05-18 05:48:51,005 - INFO - ✓ Рабочий поток: Moldova 2 (1080p)
2026-05-18 05:48:51,295 - INFO - ✓ Рабочий поток: MyZen TV (1080p)
2026-05-18 05:48:51,783 - INFO - ✓ Рабочий поток: NTV HD (1080p)
2026-05-18 05:48:51,895 - INFO - ✓ Рабочий поток: Ohotnik i rybolov (576i)
2026-05-18 05:48:51,924 - INFO - ✓ Рабочий поток: O'zbekiston (576p)
2026-05-18 05:48:52,329 - INFO - ✓ Рабочий поток: Qazaqstan International (1080p)
2026-05-18 05:48:52,386 - INFO - ✓ Рабочий поток: RTG TV (720p)
2026-05-18 05:48:52,697 - INFO - ✓ Рабочий поток: Ryzhiy (576i)
2026-05-18 05:48:52,707 - INFO - ✓ Рабочий поток: Rada TV (720p)
2026-05-18 05:48:52,789 - INFO - ✓ Рабочий поток: Sevimli TV (1080p)
2026-05-18 05:48:52,980 - INFO - ✓ Рабочий поток: RU.TV (1080p)
2026-05-18 05:48:53,127 - INFO - ✓ Рабочий поток: Pro100TV (576p)
2026-05-18 05:48:53,164 - INFO - ✓ Рабочий поток: Sochi Live HD (720p) [Not 24/7]
2026-05-18 05:48:53,164 - INFO - Проверено 100/1705, рабочих: 61
2026-05-18 05:48:53,193 - INFO - ✓ Рабочий поток: Shopping Live (576p) [Not 24/7]
2026-05-18 05:48:53,325 - INFO - ✓ Рабочий поток: Rossiya 1 Vainah (576i)
2026-05-18 05:48:53,492 - INFO - ✓ Рабочий поток: Silk Way
2026-05-18 05:48:53,586 - INFO - ✓ Рабочий поток: STS Love (576i)
2026-05-18 05:48:53,646 - INFO - ✓ Рабочий поток: Terra HD (720p)
2026-05-18 05:48:53,677 - INFO - ✓ Рабочий поток: RT Documentary Russian (1080p)
2026-05-18 05:48:53,684 - INFO - ✓ Рабочий поток: TiJi (576p)
2026-05-18 05:48:53,690 - INFO - ✓ Рабочий поток: Subbota! (1080p)
2026-05-18 05:48:53,851 - INFO - ✓ Рабочий поток: Travel+Adventure (1080p)
2026-05-18 05:48:54,129 - INFO - ✓ Рабочий поток: TBN Baltia (1080p)
2026-05-18 05:48:54,519 - INFO - ✓ Рабочий поток: SONGTV Russia
2026-05-18 05:48:54,784 - INFO - ✓ Рабочий поток: TV XXI (1080p)
2026-05-18 05:48:54,871 - INFO - ✓ Рабочий поток: Tsargrad TV (1080p) [Geo-blocked]
2026-05-18 05:48:55,041 - INFO - ✓ Рабочий поток: U (720p)
2026-05-18 05:48:55,068 - INFO - ✓ Рабочий поток: TV BRICS Russian (1080p)
2026-05-18 05:48:55,132 - INFO - ✓ Рабочий поток: TV Maná Russkiy (1080p)
2026-05-18 05:48:55,332 - INFO - ✓ Рабочий поток: UzReport TV (1080p)
2026-05-18 05:48:55,614 - INFO - ✓ Рабочий поток: Türkmenistan (406p) [Not 24/7]
2026-05-18 05:48:55,905 - INFO - ✓ Рабочий поток: TV-Nord (1080p)
2026-05-18 05:48:56,596 - INFO - ✓ Рабочий поток: Univer TV (1080p)
2026-05-18 05:49:01,969 - INFO - ✓ Рабочий поток: Usadba (576p)
2026-05-18 05:49:01,970 - INFO - ✓ Рабочий поток: STS kids (1080p)
2026-05-18 05:49:02,040 - INFO - ✓ Рабочий поток: viju Nature (576p)
2026-05-18 05:49:02,151 - INFO - ✓ Рабочий поток: viju+ Sport (576p)
2026-05-18 05:49:02,163 - INFO - ✓ Рабочий поток: T24
2026-05-18 05:49:02,287 - INFO - ✓ Рабочий поток: viju TV1000 (576p)
2026-05-18 05:49:02,334 - INFO - ✓ Рабочий поток: Voprosy i Otvety
2026-05-18 05:49:02,363 - INFO - ✓ Рабочий поток: Zo'r TV (576p)
2026-05-18 05:49:02,491 - INFO - ✓ Рабочий поток: Zoopark (576i)
2026-05-18 05:49:02,638 - INFO - ✓ Рабочий поток: Арктика 24 (Архангельск) (1080p)
2026-05-18 05:49:02,723 - INFO - ✓ Рабочий поток: VIVA Russia (1080p)
2026-05-18 05:49:02,785 - INFO - ✓ Рабочий поток: Арис 24 (720p) [Not 24/7]
2026-05-18 05:49:02,905 - INFO - ✓ Рабочий поток: Аист ТВ (1080p)
2026-05-18 05:49:02,989 - INFO - ✓ Рабочий поток: Башкортостан 24 (1080p)
2026-05-18 05:49:03,241 - INFO - ✓ Рабочий поток: Астрахань 24 (720p)
2026-05-18 05:49:03,242 - INFO - Проверено 150/1705, рабочих: 96
2026-05-18 05:49:03,410 - INFO - ✓ Рабочий поток: Астрахань.Ru Sport (720p)
2026-05-18 05:49:03,497 - INFO - ✓ Рабочий поток: Астрахань.Ru TV (480p)
2026-05-18 05:49:03,642 - INFO - ✓ Рабочий поток: Беларусь 2 (1080p)
2026-05-18 05:49:03,723 - INFO - ✓ Рабочий поток: Архыз 24 (1080p)
2026-05-18 05:49:03,907 - INFO - ✓ Рабочий поток: Бокс ТВ (720p)
2026-05-18 05:49:04,137 - INFO - ✓ Рабочий поток: Беларусь 5 Интернет (1080p) [Not 24/7]
2026-05-18 05:49:04,152 - INFO - ✓ Рабочий поток: Беларусь 24 (1080p)
2026-05-18 05:49:04,180 - INFO - ✓ Рабочий поток: Белгород 24 (1080p)
2026-05-18 05:49:04,532 - INFO - ✓ Рабочий поток: Восток 24 (Владивосток) (1080p)
2026-05-18 05:49:04,592 - INFO - ✓ Рабочий поток: Волгоград 24 (1080p)
2026-05-18 05:49:04,923 - INFO - ✓ Рабочий поток: Время (720p)
2026-05-18 05:49:04,930 - INFO - ✓ Рабочий поток: Вместе РФ
2026-05-18 05:49:04,950 - INFO - ✓ Рабочий поток: Дождь (1080p) [Geo-blocked]
2026-05-18 05:49:04,963 - INFO - ✓ Рабочий поток: Ветта 24 (Пермь) (576p) [Not 24/7]
2026-05-18 05:49:04,968 - WARNING - Connection pool is full, discarding connection: tmptv.sunduk.tv. Connection pool size: 10
2026-05-18 05:49:04,975 - INFO - ✓ Рабочий поток: БелРос (576p)
2026-05-18 05:49:05,062 - INFO - ✓ Рабочий поток: Домашний International (720p)
2026-05-18 05:49:05,097 - INFO - ✓ Рабочий поток: Вера 24
2026-05-18 05:49:05,188 - INFO - ✓ Рабочий поток: Доктор (1080p)
2026-05-18 05:49:05,208 - INFO - ✓ Рабочий поток: Дом Кино Премиум HD (1080p)
2026-05-18 05:49:05,337 - INFO - ✓ Рабочий поток: Дагестан (1080p)
2026-05-18 05:49:05,385 - WARNING - Connection pool is full, discarding connection: tmptv.sunduk.tv. Connection pool size: 10
2026-05-18 05:49:05,591 - INFO - ✓ Рабочий поток: БСТ (Башкирское спутниковое телевидение) (576p)
2026-05-18 05:49:05,596 - INFO - ✓ Рабочий поток: Жара TV (576p)
2026-05-18 05:49:05,618 - INFO - ✓ Рабочий поток: Дом Кино
2026-05-18 05:49:05,645 - INFO - ✓ Рабочий поток: Волга (HD)
2026-05-18 05:49:05,650 - INFO - ✓ Рабочий поток: Живая Планета (576p)
2026-05-18 05:49:05,701 - INFO - ✓ Рабочий поток: Енисей (1080p) [Not 24/7]
2026-05-18 05:49:05,798 - INFO - ✓ Рабочий поток: Домашний (540p) [Geo-blocked]
2026-05-18 05:49:05,856 - INFO - ✓ Рабочий поток: ЖИВИ! (1080p)
2026-05-18 05:49:05,881 - INFO - ✓ Рабочий поток: Запад 24 (Калининград) (1080p)
2026-05-18 05:49:05,965 - INFO - ✓ Рабочий поток: Здоровое ТВ (576p)
2026-05-18 05:49:06,056 - INFO - ✓ Рабочий поток: Зоо ТВ (576p)
2026-05-18 05:49:06,121 - INFO - ✓ Рабочий поток: Иллюзион+ (576p)
2026-05-18 05:49:06,171 - WARNING - Connection pool is full, discarding connection: tmptv.sunduk.tv. Connection pool size: 10
2026-05-18 05:49:06,180 - INFO - ✓ Рабочий поток: Индия (576p)
2026-05-18 05:49:06,229 - INFO - ✓ Рабочий поток: История (576p)
2026-05-18 05:49:06,252 - INFO - ✓ Рабочий поток: К16 (Саров) (406p) [Not 24/7]
2026-05-18 05:49:06,303 - INFO - ✓ Рабочий поток: Евразия (Орск) (720p)
2026-05-18 05:49:06,318 - INFO - ✓ Рабочий поток: Кавказ 24 (Ставрополь) (576p)
2026-05-18 05:49:06,336 - INFO - ✓ Рабочий поток: Известия (1080p)
2026-05-18 05:49:06,337 - INFO - Проверено 200/1705, рабочих: 134
2026-05-18 05:49:06,377 - INFO - ✓ Рабочий поток: Карусель International (720p)
2026-05-18 05:49:06,426 - INFO - ✓ Рабочий поток: За!ТВ
2026-05-18 05:49:06,441 - INFO - ✓ Рабочий поток: КВН ТВ (576p)
2026-05-18 05:49:06,494 - INFO - ✓ Рабочий поток: Кинеко (1080p)
2026-05-18 05:49:06,527 - WARNING - Connection pool is full, discarding connection: tmptv.sunduk.tv. Connection pool size: 10
2026-05-18 05:49:06,568 - INFO - ✓ Рабочий поток: КИНО ТВ (720p)
2026-05-18 05:49:06,576 - INFO - ✓ Рабочий поток: Кинопоказ (576p)
2026-05-18 05:49:06,604 - INFO - ✓ Рабочий поток: КИНОСАТ (576p)
2026-05-18 05:49:06,833 - INFO - ✓ Рабочий поток: Кто есть Кто (576p)
2026-05-18 05:49:06,843 - INFO - ✓ Рабочий поток: Звезда (1080p)
2026-05-18 05:49:06,920 - INFO - ✓ Рабочий поток: Звезда Плюс (1080p)
2026-05-18 05:49:07,097 - INFO - ✓ Рабочий поток: Красная линия (480p)
2026-05-18 05:49:07,099 - INFO - ✓ Рабочий поток: Кухня ТВ (576p)
2026-05-18 05:49:07,231 - INFO - ✓ Рабочий поток: ЛДПР ТВ (1080p)
2026-05-18 05:49:07,352 - INFO - ✓ Рабочий поток: КРИК-ТВ (Екатеринбург) (1080p)
2026-05-18 05:49:07,465 - INFO - ✓ Рабочий поток: Курай (Уфа) (576p)
2026-05-18 05:49:07,662 - INFO - ✓ Рабочий поток: Ингушетия ТВ (1080p)
2026-05-18 05:49:07,917 - INFO - ✓ Рабочий поток: Кубань 24 [Geo-blocked]
2026-05-18 05:49:07,928 - INFO - ✓ Рабочий поток: МАТЧ! Арена (720p)
2026-05-18 05:49:07,978 - INFO - ✓ Рабочий поток: МАТЧ! Игра (720p)
2026-05-18 05:49:07,998 - INFO - ✓ Рабочий поток: Мир 24 (1080p)
2026-05-18 05:49:08,143 - INFO - ✓ Рабочий поток: Магнат ТВ (1080p)
2026-05-18 05:49:08,195 - INFO - ✓ Рабочий поток: Матч! Планета (720p)
2026-05-18 05:49:08,215 - INFO - ✓ Рабочий поток: Лен ТВ 24 (540p) [Geo-blocked]
2026-05-18 05:49:08,266 - INFO - ✓ Рабочий поток: Мир (+4) (576p)
2026-05-18 05:49:08,311 - INFO - ✓ Рабочий поток: Матур ТВ (1080p)
2026-05-18 05:49:08,480 - INFO - ✓ Рабочий поток: Мир Сериала (576p)
2026-05-18 05:49:08,484 - INFO - ✓ Рабочий поток: Мир (1080p) [Not 24/7]
2026-05-18 05:49:08,579 - INFO - ✓ Рабочий поток: Моя Планета (720p)
2026-05-18 05:49:08,669 - INFO - ✓ Рабочий поток: Мир Белагорья (720p) [Geo-blocked]
2026-05-18 05:49:08,876 - INFO - ✓ Рабочий поток: МТВ (Волгоград) (720p) [Not 24/7]
2026-05-18 05:49:08,927 - INFO - ✓ Рабочий поток: Мульт (1080p)
2026-05-18 05:49:09,018 - INFO - ✓ Рабочий поток: Муз союз (576p)
2026-05-18 05:49:09,140 - INFO - ✓ Рабочий поток: Мульт и Музыка (576p)
2026-05-18 05:49:09,185 - INFO - ✓ Рабочий поток: Мультиландия (576p)
2026-05-18 05:49:09,405 - INFO - ✓ Рабочий поток: НАУКА (1080p)
2026-05-18 05:49:09,507 - INFO - ✓ Рабочий поток: Нано ТВ HD (576p)
2026-05-18 05:49:09,544 - INFO - ✓ Рабочий поток: МТРК (576p) [Not 24/7]
2026-05-18 05:49:09,545 - INFO - Проверено 250/1705, рабочих: 171
2026-05-18 05:49:09,561 - INFO - ✓ Рабочий поток: Луганск 24
2026-05-18 05:49:09,581 - INFO - ✓ Рабочий поток: Муз ТВ (450p) [Geo-blocked]
2026-05-18 05:49:09,612 - INFO - ✓ Рабочий поток: Надежда (720p)
2026-05-18 05:49:09,777 - INFO - ✓ Рабочий поток: Нижний Новгород 24 (1080p)
2026-05-18 05:49:09,845 - INFO - ✓ Рабочий поток: Ностальгия (576p)
2026-05-18 05:49:09,880 - INFO - ✓ Рабочий поток: НТВ (+4) (576p)
2026-05-18 05:49:09,938 - INFO - ✓ Рабочий поток: НВК Саха (1080p) [Not 24/7]
2026-05-18 05:49:10,158 - INFO - ✓ Рабочий поток: Ника ТВ (576p) [Not 24/7]
2026-05-18 05:49:10,305 - INFO - ✓ Рабочий поток: Новый Век
2026-05-18 05:49:10,336 - INFO - ✓ Рабочий поток: Мультимания (576p)
2026-05-18 05:49:10,506 - INFO - ✓ Рабочий поток: НТВ Мир
2026-05-18 05:49:10,557 - INFO - ✓ Рабочий поток: Новый Русский (720p)
2026-05-18 05:49:10,594 - INFO - ✓ Рабочий поток: о2тв (720p)
2026-05-18 05:49:10,685 - INFO - ✓ Рабочий поток: НТМ (Народное телевидение Мордовии) (720p) [Not 24/7]
2026-05-18 05:49:10,925 - INFO - ✓ Рабочий поток: НТС (Севастополь) (1080p) [Not 24/7]
2026-05-18 05:49:11,422 - INFO - ✓ Рабочий поток: ОТВ Приморье
2026-05-18 05:49:11,425 - INFO - ✓ Рабочий поток: Открытый мир. Здоровье (576p)
2026-05-18 05:49:11,447 - INFO - ✓ Рабочий поток: Первый канал (1080p)
2026-05-18 05:49:11,498 - INFO - ✓ Рабочий поток: Патриот (576i)
2026-05-18 05:49:11,600 - INFO - ✓ Рабочий поток: Первый городской (Одесса) (1080p) [Not 24/7]
2026-05-18 05:49:11,678 - WARNING - Connection pool is full, discarding connection: tmptv.sunduk.tv. Connection pool size: 10
2026-05-18 05:49:11,682 - INFO - ✓ Рабочий поток: Осетия Ирыстон (1080p)
2026-05-18 05:49:11,695 - INFO - ✓ Рабочий поток: ОСН
2026-05-18 05:49:11,741 - INFO - ✓ Рабочий поток: Новгородское областное телевидение [Geo-blocked]
2026-05-18 05:49:11,841 - INFO - ✓ Рабочий поток: Дума ТВ (1080p) [Not 24/7]
2026-05-18 05:49:11,951 - INFO - ✓ Рабочий поток: Победа 720p (576p)
2026-05-18 05:49:11,953 - INFO - ✓ Рабочий поток: Поехали! (1080p)
2026-05-18 05:49:11,957 - INFO - ✓ Рабочий поток: Перец International (576p)
2026-05-18 05:49:12,034 - WARNING - Connection pool is full, discarding connection: tmptv.sunduk.tv. Connection pool size: 10
2026-05-18 05:49:12,050 - INFO - ✓ Рабочий поток: Пятница! International (576p)
2026-05-18 05:49:12,053 - INFO - ✓ Рабочий поток: Первый канал Европа
2026-05-18 05:49:12,167 - INFO - ✓ Рабочий поток: НТК 21 (Биробиджан) [Geo-blocked]
2026-05-18 05:49:12,334 - INFO - ✓ Рабочий поток: Первый Республиканский
2026-05-18 05:49:12,422 - WARNING - Connection pool is full, discarding connection: tmptv.sunduk.tv. Connection pool size: 10
2026-05-18 05:49:12,515 - INFO - ✓ Рабочий поток: РЕН ТВ International (720p)
2026-05-18 05:49:12,543 - INFO - ✓ Рабочий поток: Радио Хит (Орск) (720p)
2026-05-18 05:49:12,705 - INFO - ✓ Рабочий поток: Радио Шансон (720p) [Not 24/7]
2026-05-18 05:49:12,705 - INFO - Проверено 300/1705, рабочих: 205
2026-05-18 05:49:12,708 - INFO - ✓ Рабочий поток: Первый Ярославский (1080p)
2026-05-18 05:49:12,802 - INFO - ✓ Рабочий поток: Россия 1 (+6) (576p)
2026-05-18 05:49:12,865 - INFO - ✓ Рабочий поток: Просвещение (540p) [Geo-blocked]
2026-05-18 05:49:12,878 - INFO - ✓ Рабочий поток: Россия 1 HD (Архангельск) (1080p)
2026-05-18 05:49:12,904 - INFO - ✓ Рабочий поток: Прима (1080p)
2026-05-18 05:49:12,912 - INFO - ✓ Рабочий поток: Россия 1 (1080p)
2026-05-18 05:49:12,914 - INFO - ✓ Рабочий поток: Россия 24 (Хабаровск) (1080p)
2026-05-18 05:49:12,972 - INFO - ✓ Рабочий поток: Пятый Канал (540p) [Geo-blocked]
2026-05-18 05:49:13,028 - INFO - ✓ Рабочий поток: РЕН ТВ (540p) [Geo-blocked]
2026-05-18 05:49:13,060 - INFO - ✓ Рабочий поток: Русский Бестселлер (576p)
2026-05-18 05:49:13,110 - INFO - ✓ Рабочий поток: РБК (576p)
2026-05-18 05:49:13,114 - INFO - ✓ Рабочий поток: Россия К (1080p)
2026-05-18 05:49:13,129 - INFO - ✓ Рабочий поток: Русский Детектив (576p)
2026-05-18 05:49:13,138 - INFO - ✓ Рабочий поток: Русский Иллюзион (576p)
2026-05-18 05:49:13,162 - INFO - ✓ Рабочий поток: Самара 24 (1080p)
2026-05-18 05:49:13,215 - INFO - ✓ Рабочий поток: Пятница! (576p)
2026-05-18 05:49:13,318 - INFO - ✓ Рабочий поток: Сапфир (720p)
2026-05-18 05:49:13,334 - INFO - ✓ Рабочий поток: Сибирь 24 (Новосибирск) (1080p)
2026-05-18 05:49:13,427 - INFO - ✓ Рабочий поток: Русский Роман (1080p)
2026-05-18 05:49:13,504 - INFO - ✓ Рабочий поток: Сибирь 24 (Красноярск) (1080p)
2026-05-18 05:49:13,559 - INFO - ✓ Рабочий поток: Санкт-Петербург (576p)
2026-05-18 05:49:13,612 - INFO - ✓ Рабочий поток: Сарафан (576p)
2026-05-18 05:49:13,904 - INFO - ✓ Рабочий поток: Радость моя (576p)
2026-05-18 05:49:13,938 - INFO - ✓ Рабочий поток: Север (Нарьян-Мар)
2026-05-18 05:49:13,986 - INFO - ✓ Рабочий поток: Самара ГИС (1080p) [Not 24/7]
2026-05-18 05:49:14,121 - INFO - ✓ Рабочий поток: Салям (Уфа) (576p)
2026-05-18 05:49:14,277 - INFO - ✓ Рабочий поток: С1 (Сургут) (1080p) [Not 24/7]
2026-05-18 05:49:14,731 - INFO - ✓ Рабочий поток: Своё ТВ (Ставрополь) (1080p)
2026-05-18 05:49:16,660 - INFO - Проверено 350/1705, рабочих: 233
2026-05-18 05:49:16,837 - WARNING - Connection pool is full, discarding connection: cityeden.catcast.tv. Connection pool size: 10
2026-05-18 05:49:16,843 - WARNING - Connection pool is full, discarding connection: cityeden.catcast.tv. Connection pool size: 10
2026-05-18 05:49:16,938 - WARNING - Connection pool is full, discarding connection: cityeden.catcast.tv. Connection pool size: 10
2026-05-18 05:49:16,965 - WARNING - Connection pool is full, discarding connection: cityeden.catcast.tv. Connection pool size: 10
2026-05-18 05:49:16,975 - WARNING - Connection pool is full, discarding connection: cityeden.catcast.tv. Connection pool size: 10
2026-05-18 05:49:17,067 - WARNING - Connection pool is full, discarding connection: cityeden.catcast.tv. Connection pool size: 10
2026-05-18 05:49:17,102 - INFO - ✓ Рабочий поток: Сочи 24 HD (720p)
2026-05-18 05:49:17,104 - INFO - ✓ Рабочий поток: СТС (+4) (576p)
2026-05-18 05:49:17,164 - INFO - ✓ Рабочий поток: СТС International (720p)
2026-05-18 05:49:17,223 - INFO - ✓ Рабочий поток: Смотрим Честный Детектив (1080p)
2026-05-18 05:49:17,292 - INFO - ✓ Рабочий поток: Страна FM (720p) [Not 24/7]
2026-05-18 05:49:17,390 - INFO - ✓ Рабочий поток: ТВ Центр International (720p)
2026-05-18 05:49:17,402 - INFO - ✓ Рабочий поток: Союз (576p)
2026-05-18 05:49:17,513 - INFO - ✓ Рабочий поток: Солнце (576p)
2026-05-18 05:49:17,558 - INFO - ✓ Рабочий поток: Театр (576p)
2026-05-18 05:49:17,569 - INFO - ✓ Рабочий поток: Таврия
2026-05-18 05:49:17,593 - INFO - ✓ Рабочий поток: Твое TV HD (1080p)
2026-05-18 05:49:17,605 - WARNING - Connection pool is full, discarding connection: cityeden.catcast.tv. Connection pool size: 10
2026-05-18 05:49:17,609 - INFO - ✓ Рабочий поток: Телекафе (720p)
2026-05-18 05:49:17,631 - INFO - ✓ Рабочий поток: Твое ТВ Юмор (1080p)
2026-05-18 05:49:17,666 - INFO - ✓ Рабочий поток: СТБ (720p)
2026-05-18 05:49:17,729 - INFO - ✓ Рабочий поток: Студия Факт
2026-05-18 05:49:17,788 - INFO - ✓ Рабочий поток: Телепутешествия (576p)
2026-05-18 05:49:17,808 - INFO - ✓ Рабочий поток: Смайл ТВ
2026-05-18 05:49:17,825 - INFO - ✓ Рабочий поток: ТНТ4 International (576p)
2026-05-18 05:49:17,890 - INFO - ✓ Рабочий поток: Спас (450p) [Geo-blocked]
2026-05-18 05:49:17,903 - INFO - ✓ Рабочий поток: ТНТ International (480p)
2026-05-18 05:49:17,933 - INFO - ✓ Рабочий поток: ТНТ4 (576p)
2026-05-18 05:49:17,990 - INFO - ✓ Рабочий поток: ТВ-3 (540p) [Geo-blocked]
2026-05-18 05:49:18,037 - INFO - ✓ Рабочий поток: ТВ Центр (450p) [Geo-blocked]
2026-05-18 05:49:18,044 - INFO - ✓ Рабочий поток: Телеканал Краснодар (1080p)
2026-05-18 05:49:18,052 - INFO - ✓ Рабочий поток: ТНТ (+4) (576p)
2026-05-18 05:49:18,149 - INFO - ✓ Рабочий поток: Тонус (576p)
2026-05-18 05:49:18,164 - INFO - ✓ Рабочий поток: Точка ТВ (576p)
2026-05-18 05:49:18,255 - INFO - ✓ Рабочий поток: ТКР (Рязань) (1080p) [Not 24/7]
2026-05-18 05:49:18,280 - INFO - ✓ Рабочий поток: Телплюс ТВ (Астрахань) (360p) [Not 24/7]
2026-05-18 05:49:18,295 - INFO - ✓ Рабочий поток: Толк HD (720p)
2026-05-18 05:49:18,392 - INFO - ✓ Рабочий поток: Урал 24 (Челябинск) (1080p)
2026-05-18 05:49:18,516 - INFO - ✓ Рабочий поток: Феникс плюс Кино (576p)
2026-05-18 05:49:18,539 - INFO - ✓ Рабочий поток: Футбол (720p)
2026-05-18 05:49:18,650 - INFO - ✓ Рабочий поток: ТК Алмазный край (576p)
2026-05-18 05:49:18,650 - INFO - Проверено 400/1705, рабочих: 267
2026-05-18 05:49:18,711 - INFO - ✓ Рабочий поток: Че! (576p)
2026-05-18 05:49:18,758 - INFO - ✓ Рабочий поток: ТНВ-Планета (Казань) (576p)
2026-05-18 05:49:18,863 - INFO - ✓ Рабочий поток: Телеканал 86 (Сургут) (1080p) [Not 24/7]
2026-05-18 05:49:18,916 - WARNING - Connection pool is full, discarding connection: cityeden.catcast.tv. Connection pool size: 10
2026-05-18 05:49:19,030 - INFO - ✓ Рабочий поток: Телерадиокомпания 555 (Алушта) (720p)
2026-05-18 05:49:19,036 - INFO - ✓ Рабочий поток: Хузур ТВ (1080p) [Not 24/7]
2026-05-18 05:49:19,126 - INFO - ✓ Рабочий поток: English Class HD (1080p)
2026-05-18 05:49:19,167 - INFO - ✓ Рабочий поток: 2GB Sydney (1080p)
2026-05-18 05:49:19,175 - INFO - ✓ Рабочий поток: FASHION & LIFESTYLE (1080p)
2026-05-18 05:49:19,201 - INFO - ✓ Рабочий поток: Шансон ТВ (576p) [Geo-blocked]
2026-05-18 05:49:19,207 - INFO - ✓ Рабочий поток: Три Ангела (720p)
2026-05-18 05:49:19,328 - INFO - ✓ Рабочий поток: 3AW Melbourne (1080p)
2026-05-18 05:49:19,350 - INFO - ✓ Рабочий поток: 4TV News (576p)
2026-05-18 05:49:19,385 - INFO - ✓ Рабочий поток: Ювелирочка ТВ (576p)
2026-05-18 05:49:19,417 - INFO - ✓ Рабочий поток: Югра (1080p)
2026-05-18 05:49:19,475 - INFO - ✓ Рабочий поток: 6 TV Telugu (576p)
2026-05-18 05:49:19,492 - INFO - ✓ Рабочий поток: 13 Siam Thai (1080p)
2026-05-18 05:49:19,498 - INFO - ✓ Рабочий поток: 10 TV (576p)
2026-05-18 05:49:19,510 - INFO - ✓ Рабочий поток: 24 News (576p)
2026-05-18 05:49:19,629 - INFO - ✓ Рабочий поток: 22Scope News (1080p)
2026-05-18 05:49:20,026 - INFO - ✓ Рабочий поток: 24 TV (1080p)
2026-05-18 05:49:20,069 - INFO - ✓ Рабочий поток: Щёлковское ТВ (576p) [Not 24/7]
2026-05-18 05:49:20,229 - INFO - ✓ Рабочий поток: 3CatInfo (1080p)
2026-05-18 05:49:20,349 - INFO - ✓ Рабочий поток: 30A Georgia Hollywood Review TV (720p)
2026-05-18 05:49:20,364 - INFO - ✓ Рабочий поток: 99TV (720p)
2026-05-18 05:49:20,438 - INFO - ✓ Рабочий поток: 24 Канал (1080p)
2026-05-18 05:49:20,489 - INFO - ✓ Рабочий поток: 30A Lionel Nation TV
2026-05-18 05:49:20,519 - INFO - ✓ Рабочий поток: 24/7 Canal de Noticias
2026-05-18 05:49:20,599 - INFO - ✓ Рабочий поток: Тамыр (Уфа) (576p)
2026-05-18 05:49:20,744 - INFO - ✓ Рабочий поток: 6PR Perth (1080p)
2026-05-18 05:49:20,748 - INFO - ✓ Рабочий поток: 92 News HD (720p)
2026-05-18 05:49:20,760 - INFO - ✓ Рабочий поток: Aaj Tak HD (1080p)
2026-05-18 05:49:20,956 - INFO - ✓ Рабочий поток: Abante TV (1080p)
2026-05-18 05:49:20,961 - INFO - ✓ Рабочий поток: ABC 9 Manchester NH (WMUR-TV) (720p)
2026-05-18 05:49:21,000 - INFO - Проверено 450/1705, рабочих: 300
2026-05-18 05:49:21,030 - INFO - ✓ Рабочий поток: ABC News (720p)
2026-05-18 05:49:21,057 - INFO - ✓ Рабочий поток: 360 TV (720p) [Not 24/7]
2026-05-18 05:49:21,115 - INFO - ✓ Рабочий поток: 30A Loomered TV
2026-05-18 05:49:21,137 - INFO - ✓ Рабочий поток: ABC 2 Baltimore MD (WMAR) (720p)
2026-05-18 05:49:21,198 - INFO - ✓ Рабочий поток: ABC 27 Tallahassee FL (WTXL) (720p)
2026-05-18 05:49:21,744 - INFO - ✓ Рабочий поток: ABC News Live 1 (720p)
2026-05-18 05:49:21,771 - INFO - ✓ Рабочий поток: ABC News Live 2 (720p)
2026-05-18 05:49:21,798 - INFO - ✓ Рабочий поток: ABC News Live 6 (720p)
2026-05-18 05:49:21,805 - INFO - ✓ Рабочий поток: ABC News Live 5 (720p)
2026-05-18 05:49:21,920 - INFO - ✓ Рабочий поток: ABC News Live 9 (720p)
2026-05-18 05:49:21,949 - INFO - ✓ Рабочий поток: ABC News Live 3 (720p)
2026-05-18 05:49:22,010 - INFO - ✓ Рабочий поток: ABP Ananda (1080p)
2026-05-18 05:49:22,052 - INFO - ✓ Рабочий поток: ABC News Live 4 (720p)
2026-05-18 05:49:22,057 - INFO - ✓ Рабочий поток: ABC News Live 7 (720p)
2026-05-18 05:49:22,082 - INFO - ✓ Рабочий поток: ABC News Live 8 (720p)
2026-05-18 05:49:22,095 - INFO - ✓ Рабочий поток: ABC News Live 10 (720p)
2026-05-18 05:49:22,133 - INFO - ✓ Рабочий поток: ABP Asmita (1080p)
2026-05-18 05:49:22,166 - INFO - ✓ Рабочий поток: ABP Ganga (1080p)
2026-05-18 05:49:22,184 - INFO - ✓ Рабочий поток: ABC WWAY 3
2026-05-18 05:49:22,259 - INFO - ✓ Рабочий поток: ABP News (1080p)
2026-05-18 05:49:22,970 - INFO - ✓ Рабочий поток: Acento TV
2026-05-18 05:49:23,175 - INFO - ✓ Рабочий поток: Africanews French (720p)
2026-05-18 05:49:23,323 - INFO - ✓ Рабочий поток: ADN 40 (720p)
2026-05-18 05:49:23,341 - INFO - ✓ Рабочий поток: AKD Calcutta News (1080p)
2026-05-18 05:49:23,363 - INFO - ✓ Рабочий поток: Afghanistan International (720p)
2026-05-18 05:49:23,593 - INFO - ✓ Рабочий поток: Advocate Broadcasting Network (576p)
2026-05-18 05:49:23,753 - INFO - ✓ Рабочий поток: AL24 News
2026-05-18 05:49:23,964 - INFO - ✓ Рабочий поток: Afrique54 TV (720p)
2026-05-18 05:49:23,975 - INFO - ✓ Рабочий поток: Al Araby TV (1080p)
2026-05-18 05:49:24,006 - INFO - ✓ Рабочий поток: Africa 24 English (1080p)
2026-05-18 05:49:24,023 - INFO - ✓ Рабочий поток: Al Arabiya (1080p)
2026-05-18 05:49:24,087 - INFO - Проверено 500/1705, рабочих: 331
2026-05-18 05:49:24,124 - INFO - ✓ Рабочий поток: Al Araby TV 2 (1080p)
2026-05-18 05:49:24,250 - INFO - ✓ Рабочий поток: Al Arabiya English (1080p)
2026-05-18 05:49:24,277 - INFO - ✓ Рабочий поток: Al Arabiya Programs (1280p)
2026-05-18 05:49:24,794 - INFO - ✓ Рабочий поток: Al Jazeera (1080p)
2026-05-18 05:49:24,807 - INFO - ✓ Рабочий поток: Al Jazeera 2 (1080p)
2026-05-18 05:49:24,857 - INFO - ✓ Рабочий поток: Al Jazeera English (1080p)
2026-05-18 05:49:24,905 - INFO - ✓ Рабочий поток: Al Jazeera Mubasher (1080p)
2026-05-18 05:49:24,933 - INFO - ✓ Рабочий поток: Al Jazeera Mubasher 24 (1080p)
2026-05-18 05:49:24,934 - INFO - ✓ Рабочий поток: Al Manar (576p) [Not 24/7]
2026-05-18 05:49:25,165 - INFO - ✓ Рабочий поток: Al Masirah (720p) [Not 24/7]
2026-05-18 05:49:25,208 - INFO - ✓ Рабочий поток: Al Jazeera Mubasher Broadcast 2 (1080p)
2026-05-18 05:49:25,225 - INFO - ✓ Рабочий поток: Al Masirah Mubacher (642p) [Not 24/7]
2026-05-18 05:49:25,227 - INFO - ✓ Рабочий поток: Al Mayadeen (576p)
2026-05-18 05:49:25,378 - INFO - ✓ Рабочий поток: Al Ghad TV (1080p)
2026-05-18 05:49:25,391 - INFO - ✓ Рабочий поток: Al Yaum TV (1080p)
2026-05-18 05:49:25,529 - INFO - ✓ Рабочий поток: Al Najah News (720p)
2026-05-18 05:49:25,767 - INFO - ✓ Рабочий поток: Africa 24 (1080p)
2026-05-18 05:49:25,769 - INFO - ✓ Рабочий поток: Alhurra (720p)
2026-05-18 05:49:25,771 - INFO - ✓ Рабочий поток: Al Masar TV (576p)
2026-05-18 05:49:25,864 - INFO - ✓ Рабочий поток: Africa 24 Sport (1080p)
2026-05-18 05:49:25,953 - INFO - ✓ Рабочий поток: Aleph News (720p)
2026-05-18 05:49:26,025 - INFO - ✓ Рабочий поток: Al-Sharqiya News (1080p)
2026-05-18 05:49:26,149 - INFO - ✓ Рабочий поток: Alhurra Iraq (720p)
2026-05-18 05:49:26,164 - INFO - ✓ Рабочий поток: AmarUjala (1080p)
2026-05-18 05:49:26,449 - INFO - ✓ Рабочий поток: Ananda Barta (720p)
2026-05-18 05:49:26,499 - INFO - ✓ Рабочий поток: Almahriah TV (576p)
2026-05-18 05:49:26,617 - INFO - ✓ Рабочий поток: America's Voice (720p)
2026-05-18 05:49:26,658 - INFO - ✓ Рабочий поток: Altaghier TV (1080p)
2026-05-18 05:49:26,673 - INFO - ✓ Рабочий поток: AMX Noticias (720p) [Not 24/7]
2026-05-18 05:49:26,900 - INFO - ✓ Рабочий поток: Alert (576p) [Not 24/7]
2026-05-18 05:49:26,956 - INFO - ✓ Рабочий поток: Anshun Comprehensive News Channel
2026-05-18 05:49:27,254 - INFO - ✓ Рабочий поток: America's Voice News (720p)
2026-05-18 05:49:27,354 - INFO - ✓ Рабочий поток: Arirang TV (1080p)
2026-05-18 05:49:27,723 - INFO - ✓ Рабочий поток: Asianet Suvarna News (1080p) [Not 24/7]
2026-05-18 05:49:27,732 - INFO - ✓ Рабочий поток: Arirang TV UN (1080p)
2026-05-18 05:49:27,802 - INFO - ✓ Рабочий поток: ASTV News 1 (720p) [Not 24/7]
2026-05-18 05:49:27,831 - INFO - Проверено 550/1705, рабочих: 367
2026-05-18 05:49:27,916 - INFO - ✓ Рабочий поток: Asharq Radio (1080p)
2026-05-18 05:49:27,959 - INFO - ✓ Рабочий поток: Arirang TV HD
2026-05-18 05:49:27,991 - INFO - ✓ Рабочий поток: Army TV (1080p)
2026-05-18 05:49:28,308 - INFO - ✓ Рабочий поток: Awaaz India TV (720p) [Not 24/7]
2026-05-18 05:49:28,451 - INFO - ✓ Рабочий поток: ATN News (1080p)
2026-05-18 05:49:28,552 - INFO - ✓ Рабочий поток: ATV+ (720p)
2026-05-18 05:49:28,744 - INFO - ✓ Рабочий поток: Atacama Noticias (720p) [Not 24/7]
2026-05-18 05:49:29,200 - INFO - ✓ Рабочий поток: BBC News North America (1080p)
2026-05-18 05:49:29,343 - INFO - ✓ Рабочий поток: Astra TV (1080p)
2026-05-18 05:49:29,498 - INFO - ✓ Рабочий поток: Baraka Television (720p) [Not 24/7]
2026-05-18 05:49:29,582 - INFO - ✓ Рабочий поток: Bansal News (720p)
2026-05-18 05:49:29,765 - INFO - ✓ Рабочий поток: BEK TV News (720p)
2026-05-18 05:49:30,453 - INFO - ✓ Рабочий поток: BFM2 (1080p)
2026-05-18 05:49:31,048 - INFO - ✓ Рабочий поток: Bharat24 (1080p)
2026-05-18 05:49:31,072 - INFO - ✓ Рабочий поток: Black News Channel (1080p)
2026-05-18 05:49:31,075 - INFO - ✓ Рабочий поток: Bharat Samachar (480p)
2026-05-18 05:49:31,140 - INFO - ✓ Рабочий поток: Big TV 24x7 (576i)
2026-05-18 05:49:31,207 - INFO - ✓ Рабочий поток: BN Channel (720p)
2026-05-18 05:49:31,264 - INFO - ✓ Рабочий поток: BT TV (720p)
2026-05-18 05:49:31,286 - INFO - ✓ Рабочий поток: BRK News (576p)
2026-05-18 05:49:31,359 - INFO - ✓ Рабочий поток: Brian TV (720p) [Not 24/7]
2026-05-18 05:49:31,531 - INFO - ✓ Рабочий поток: BTB Info (1080p)
2026-05-18 05:49:31,824 - INFO - ✓ Рабочий поток: Burkina Info TV (540p)
2026-05-18 05:49:31,825 - INFO - Проверено 600/1705, рабочих: 390
2026-05-18 05:49:32,424 - INFO - ✓ Рабочий поток: BX Inform (1080p)
2026-05-18 05:49:32,572 - INFO - ✓ Рабочий поток: BM&C News (720p)
2026-05-18 05:49:32,583 - INFO - ✓ Рабочий поток: Blaze Live (720p)
2026-05-18 05:49:32,841 - INFO - ✓ Рабочий поток: Can TV (720p)
2026-05-18 05:49:33,001 - INFO - ✓ Рабочий поток: Canal 33 Tijuana (720p)
2026-05-18 05:49:33,252 - INFO - ✓ Рабочий поток: CBC News (1080p)
2026-05-18 05:49:33,289 - INFO - ✓ Рабочий поток: Bursa AS TV (900p)
2026-05-18 05:49:33,376 - INFO - ✓ Рабочий поток: Canal Sur Noticias
2026-05-18 05:49:33,377 - INFO - ✓ Рабочий поток: Canal 24 Horas Canarias (720p)
2026-05-18 05:49:33,462 - INFO - ✓ Рабочий поток: Canal PyC (720p)
2026-05-18 05:49:33,548 - INFO - ✓ Рабочий поток: CBS News Baltimore (720p)
2026-05-18 05:49:33,607 - INFO - ✓ Рабочий поток: CBS News Bay Area (720p)
2026-05-18 05:49:33,664 - INFO - ✓ Рабочий поток: Canal 26 (1080p)
2026-05-18 05:49:33,730 - INFO - ✓ Рабочий поток: CBS News Boston (720p)
2026-05-18 05:49:33,811 - INFO - ✓ Рабочий поток: CBS News Colorado (720p)
2026-05-18 05:49:33,907 - INFO - ✓ Рабочий поток: Canal 24 Horas (720p)
2026-05-18 05:49:33,928 - INFO - ✓ Рабочий поток: CBS News Miami (720p)
2026-05-18 05:49:33,950 - INFO - ✓ Рабочий поток: Canal 24 Horas Catalunya (720p)
2026-05-18 05:49:33,973 - INFO - ✓ Рабочий поток: CBS News Detroit (720p)
2026-05-18 05:49:34,028 - INFO - ✓ Рабочий поток: CBS News Chicago (720p)
2026-05-18 05:49:34,058 - INFO - ✓ Рабочий поток: CBS News New York (720p)
2026-05-18 05:49:34,110 - INFO - ✓ Рабочий поток: CBS News Los Angeles (720p)
2026-05-18 05:49:34,167 - INFO - ✓ Рабочий поток: Carivision (1080p) [Geo-blocked]
2026-05-18 05:49:34,188 - INFO - ✓ Рабочий поток: CBS News Sacramento (720p)
2026-05-18 05:49:34,209 - INFO - ✓ Рабочий поток: CBS News Minnesota (720p)
2026-05-18 05:49:34,319 - INFO - ✓ Рабочий поток: CBS News Philadelphia (720p)
2026-05-18 05:49:34,325 - INFO - ✓ Рабочий поток: Canal E (720p)
2026-05-18 05:49:34,332 - INFO - ✓ Рабочий поток: CGTN Español (1080p)
2026-05-18 05:49:34,372 - INFO - ✓ Рабочий поток: CCTV+ 1 (600p) [Not 24/7]
2026-05-18 05:49:34,373 - INFO - ✓ Рабочий поток: CGTN Arabic (1080p) [Not 24/7]
2026-05-18 05:49:34,469 - INFO - ✓ Рабочий поток: CBS News Pittsburgh (720p)
2026-05-18 05:49:34,703 - INFO - ✓ Рабочий поток: Canal 38 (720p)
2026-05-18 05:49:34,709 - INFO - ✓ Рабочий поток: CBS News 24/7 (720p)
2026-05-18 05:49:34,712 - INFO - ✓ Рабочий поток: CGTN Français (1080p)
2026-05-18 05:49:34,795 - INFO - ✓ Рабочий поток: CCTV+ 2 (600p) [Not 24/7]
2026-05-18 05:49:34,807 - INFO - ✓ Рабочий поток: CGTN (1080p)
2026-05-18 05:49:35,101 - INFO - ✓ Рабочий поток: Channel 24 (1080p)
2026-05-18 05:49:35,156 - INFO - ✓ Рабочий поток: Chardikla Gurbaani TV (1080p)
2026-05-18 05:49:35,160 - INFO - ✓ Рабочий поток: Chardikla Time TV (1080p)
2026-05-18 05:49:35,160 - INFO - Проверено 650/1705, рабочих: 429
2026-05-18 05:49:35,292 - INFO - ✓ Рабочий поток: Channel 5 (1080p)
2026-05-18 05:49:35,409 - INFO - ✓ Рабочий поток: Channel Y (720p) [Not 24/7]
2026-05-18 05:49:35,482 - INFO - ✓ Рабочий поток: Chardikla Time TV North America (1080p)
2026-05-18 05:49:35,505 - INFO - ✓ Рабочий поток: Cheddar News (1080p)
2026-05-18 05:49:35,680 - INFO - ✓ Рабочий поток: Channel 8 Kurdish (720p)
2026-05-18 05:49:35,826 - INFO - ✓ Рабочий поток: CityNews Calgary (720p)
2026-05-18 05:49:35,912 - INFO - ✓ Рабочий поток: CityNews Edmonton
2026-05-18 05:49:36,073 - INFO - ✓ Рабочий поток: Citrico TV (480p) [Not 24/7]
2026-05-18 05:49:36,093 - INFO - ✓ Рабочий поток: CNA (1080p) [Geo-blocked]
2026-05-18 05:49:36,095 - INFO - ✓ Рабочий поток: Chifeng Comprehensive News Chanel
2026-05-18 05:49:36,361 - INFO - ✓ Рабочий поток: CityNews Toronto (720p)
2026-05-18 05:49:36,482 - INFO - ✓ Рабочий поток: CityNews Vancouver (720p)
2026-05-18 05:49:36,484 - INFO - ✓ Рабочий поток: CNBC Mongolia (720p)
2026-05-18 05:49:36,676 - INFO - ✓ Рабочий поток: Cnews Bharat (720p)
2026-05-18 05:49:36,693 - INFO - ✓ Рабочий поток: CNBC (1080p)
2026-05-18 05:49:36,919 - INFO - ✓ Рабочий поток: CNA (1080p)
2026-05-18 05:49:37,420 - INFO - ✓ Рабочий поток: ČT24 (1080p)
2026-05-18 05:49:37,433 - INFO - ✓ Рабочий поток: Conecta2TV (720p) [Not 24/7]
2026-05-18 05:49:37,652 - INFO - ✓ Рабочий поток: CTVN AKD Plus (1080p)
2026-05-18 05:49:37,841 - INFO - ✓ Рабочий поток: CVR English (720p)
2026-05-18 05:49:38,236 - INFO - ✓ Рабочий поток: DD Mizoram (504p)
2026-05-18 05:49:38,285 - INFO - ✓ Рабочий поток: Contivision (720p)
2026-05-18 05:49:38,372 - INFO - ✓ Рабочий поток: DD News HD (1080p)
2026-05-18 05:49:38,738 - INFO - ✓ Рабочий поток: Corfu Channel (720p)
2026-05-18 05:49:38,901 - INFO - ✓ Рабочий поток: Dabanga TV (1080p)
2026-05-18 05:49:39,219 - INFO - ✓ Рабочий поток: Desh TV (1080p)
2026-05-18 05:49:39,257 - INFO - ✓ Рабочий поток: DHA (720p) [Not 24/7]
2026-05-18 05:49:39,354 - INFO - ✓ Рабочий поток: De Ultimo Minuto TV
2026-05-18 05:49:39,473 - INFO - ✓ Рабочий поток: Đồng Nai 1 (480p) [Not 24/7]
2026-05-18 05:49:39,576 - INFO - ✓ Рабочий поток: Donechchyna TV (720p)
2026-05-18 05:49:39,839 - INFO - ✓ Рабочий поток: Dijlah TV (1080p)
2026-05-18 05:49:39,853 - INFO - ✓ Рабочий поток: DVB TV (720p) [Geo-blocked]
2026-05-18 05:49:39,912 - INFO - ✓ Рабочий поток: DW English (1080p)
2026-05-18 05:49:39,913 - INFO - Проверено 700/1705, рабочих: 462
2026-05-18 05:49:40,036 - INFO - ✓ Рабочий поток: Digi 24 (720p)
2026-05-18 05:49:40,151 - INFO - ✓ Рабочий поток: Di TV (1080p)
2026-05-18 05:49:40,157 - INFO - ✓ Рабочий поток: Didgah TV (576p)
2026-05-18 05:49:40,417 - INFO - ✓ Рабочий поток: DW Arabic (1080p)
2026-05-18 05:49:40,490 - INFO - ✓ Рабочий поток: Dotto TV (1080p)
2026-05-18 05:49:40,625 - INFO - ✓ Рабочий поток: DW Espanol (1080p)
2026-05-18 05:49:40,672 - INFO - ✓ Рабочий поток: Dunya News (INT Feed) (720p) [Not 24/7]
2026-05-18 05:49:41,162 - INFO - ✓ Рабочий поток: Dunya News (UK Feed) (720p) [Not 24/7]
2026-05-18 05:49:41,197 - INFO - ✓ Рабочий поток: Ekushey TV (480p)
2026-05-18 05:49:41,265 - INFO - ✓ Рабочий поток: Entertainment Tonight (1080p)
2026-05-18 05:49:41,658 - INFO - ✓ Рабочий поток: DİM TV (720p) [Geo-blocked]
2026-05-18 05:49:41,849 - INFO - ✓ Рабочий поток: Ecotel TV (720p)
2026-05-18 05:49:42,087 - INFO - ✓ Рабочий поток: Egnatia TV (576p)
2026-05-18 05:49:42,090 - INFO - ✓ Рабочий поток: Espreso TV (1080p)
2026-05-18 05:49:42,100 - INFO - ✓ Рабочий поток: ETV News (1080p)
2026-05-18 05:49:42,136 - INFO - ✓ Рабочий поток: ETV Andhra Pradesh (1080p)
2026-05-18 05:49:42,144 - INFO - ✓ Рабочий поток: Estrella News (1080p)
2026-05-18 05:49:42,539 - INFO - ✓ Рабочий поток: ETV Telangana (1080p)
2026-05-18 05:49:42,565 - INFO - ✓ Рабочий поток: èTv Marche (720p)
2026-05-18 05:49:42,611 - INFO - ✓ Рабочий поток: Euronews Albania (720p)
2026-05-18 05:49:42,651 - INFO - ✓ Рабочий поток: Etna Espresso Channel (720p)
2026-05-18 05:49:42,858 - INFO - ✓ Рабочий поток: èTv Rete 7 (720p)
2026-05-18 05:49:42,960 - INFO - ✓ Рабочий поток: Espace TV (1080p)
2026-05-18 05:49:43,195 - INFO - ✓ Рабочий поток: Euronews English HD
2026-05-18 05:49:43,358 - INFO - ✓ Рабочий поток: Euronews (720p)
2026-05-18 05:49:43,701 - INFO - ✓ Рабочий поток: Exitosa TV (720p) [Not 24/7]
2026-05-18 05:49:44,062 - INFO - ✓ Рабочий поток: Extra ProNews (576p)
2026-05-18 05:49:44,222 - INFO - ✓ Рабочий поток: Finans Turk TV (720p)
2026-05-18 05:49:44,371 - INFO - ✓ Рабочий поток: Expressen TV (1080p)
2026-05-18 05:49:44,428 - INFO - ✓ Рабочий поток: Euronews Portuguese (720p)
2026-05-18 05:49:44,429 - INFO - Проверено 750/1705, рабочих: 492
2026-05-18 05:49:44,623 - INFO - ✓ Рабочий поток: France 24 Arabic (1080p)
2026-05-18 05:49:44,624 - INFO - ✓ Рабочий поток: France 24 English (1080p)
2026-05-18 05:49:44,806 - INFO - ✓ Рабочий поток: France 24 French (1080p)
2026-05-18 05:49:44,962 - INFO - ✓ Рабочий поток: Formula (1080p)
2026-05-18 05:49:45,031 - INFO - ✓ Рабочий поток: Fresh News
2026-05-18 05:49:45,138 - INFO - ✓ Рабочий поток: France 24 Español (1080p)
2026-05-18 05:49:45,239 - INFO - ✓ Рабочий поток: Fox News Radio (720p)
2026-05-18 05:49:45,379 - INFO - ✓ Рабочий поток: GB News (1080p)
2026-05-18 05:49:45,515 - INFO - ✓ Рабочий поток: FORMedia TV (720p)
2026-05-18 05:49:45,540 - INFO - ✓ Рабочий поток: Fox News Channel (720p) [Not 24/7]
2026-05-18 05:49:45,791 - INFO - ✓ Рабочий поток: Global Punjab (1080p)
2026-05-18 05:49:46,095 - INFO - ✓ Рабочий поток: Geb Tv (KBPX LD5) (1080p)
2026-05-18 05:49:46,096 - INFO - ✓ Рабочий поток: Free Speech TV (720p)
2026-05-18 05:49:46,298 - INFO - ✓ Рабочий поток: Giornale Radio TV (720p)
2026-05-18 05:49:46,303 - INFO - ✓ Рабочий поток: Guarantee News (1080p)
2026-05-18 05:49:46,308 - INFO - ✓ Рабочий поток: Gugbang TV (1080p) [Not 24/7]
2026-05-18 05:49:46,367 - INFO - ✓ Рабочий поток: GTC News (1080p)
2026-05-18 05:49:46,462 - INFO - ✓ Рабочий поток: GTV (1080p)
2026-05-18 05:49:46,576 - INFO - ✓ Рабочий поток: Geo Tez (576i)
2026-05-18 05:49:46,763 - INFO - ✓ Рабочий поток: Gulistan News (720p) [Not 24/7]
2026-05-18 05:49:46,837 - INFO - ✓ Рабочий поток: Hamdard TV (1080p)
2026-05-18 05:49:47,043 - INFO - ✓ Рабочий поток: Halab Today TV (1080p)
2026-05-18 05:49:47,078 - INFO - ✓ Рабочий поток: Guardian Talk Radio (1080p)
2026-05-18 05:49:47,196 - INFO - ✓ Рабочий поток: Harbin Comprehensive News Channel
2026-05-18 05:49:47,224 - INFO - ✓ Рабочий поток: Hindi Khabar (576p)
2026-05-18 05:49:47,491 - INFO - ✓ Рабочий поток: HMTV (720p)
2026-05-18 05:49:47,587 - INFO - ✓ Рабочий поток: Halk TV (1080p)
2026-05-18 05:49:47,750 - INFO - ✓ Рабочий поток: HNN 24x7 (576p)
2026-05-18 05:49:47,898 - INFO - ✓ Рабочий поток: Hornbill TV (576p)
2026-05-18 05:49:48,145 - INFO - ✓ Рабочий поток: Hermanas Mirabal TV (720p) [Not 24/7]
2026-05-18 05:49:48,171 - INFO - ✓ Рабочий поток: Huma Betang TV (720p) [Not 24/7]
2026-05-18 05:49:48,172 - INFO - Проверено 800/1705, рабочих: 523
2026-05-18 05:49:48,205 - INFO - ✓ Рабочий поток: HollyWire (720p)
2026-05-18 05:49:48,409 - INFO - ✓ Рабочий поток: High News (480p)
2026-05-18 05:49:48,468 - INFO - ✓ Рабочий поток: Hir TV (1080p)
2026-05-18 05:49:48,492 - INFO - ✓ Рабочий поток: i24NEWS English USA (1080p)
2026-05-18 05:49:48,559 - INFO - ✓ Рабочий поток: IBC 24 (720p)
2026-05-18 05:49:48,773 - INFO - ✓ Рабочий поток: India Today (720p) [Not 24/7]
2026-05-18 05:49:48,851 - INFO - ✓ Рабочий поток: India Daily Live (1080p)
2026-05-18 05:49:48,928 - INFO - ✓ Рабочий поток: India TV (720p)
2026-05-18 05:49:49,079 - INFO - ✓ Рабочий поток: INews (720p)
2026-05-18 05:49:49,110 - INFO - ✓ Рабочий поток: Independent TV (1080p)
2026-05-18 05:49:49,114 - INFO - ✓ Рабочий поток: ICI RDI (720p)
2026-05-18 05:49:49,867 - INFO - ✓ Рабочий поток: Iran International (720p)
2026-05-18 05:49:50,039 - INFO - ✓ Рабочий поток: iNEWS TV (1080p)
2026-05-18 05:49:50,095 - INFO - ✓ Рабочий поток: InfoWars Network (1080p)
2026-05-18 05:49:50,474 - INFO - ✓ Рабочий поток: Informatia TV
2026-05-18 05:49:50,707 - INFO - ✓ Рабочий поток: Iran Press
2026-05-18 05:49:50,798 - INFO - ✓ Рабочий поток: IraneFarda TV (720p)
2026-05-18 05:49:50,820 - INFO - ✓ Рабочий поток: Kalaignar Seithigal (720p)
2026-05-18 05:49:50,875 - INFO - ✓ Рабочий поток: Indywood TV (720p)
2026-05-18 05:49:50,963 - INFO - ✓ Рабочий поток: Kairali News (720p)
2026-05-18 05:49:50,967 - INFO - ✓ Рабочий поток: Jamuna TV (1080p)
2026-05-18 05:49:51,022 - INFO - ✓ Рабочий поток: Janta TV (1080p)
2026-05-18 05:49:51,069 - INFO - ✓ Рабочий поток: Kalinga TV (720p)
2026-05-18 05:49:51,182 - INFO - ✓ Рабочий поток: Kashish News (720p)
2026-05-18 05:49:51,182 - INFO - Проверено 850/1705, рабочих: 547
2026-05-18 05:49:51,410 - INFO - ✓ Рабочий поток: Jovem Pan News (JP News) (1080p) [Not 24/7]
2026-05-18 05:49:51,430 - INFO - ✓ Рабочий поток: Kapaz TV
2026-05-18 05:49:51,798 - INFO - ✓ Рабочий поток: Kohavision
2026-05-18 05:49:51,890 - INFO - ✓ Рабочий поток: Kolkata TV (1080p)
2026-05-18 05:49:51,993 - INFO - ✓ Рабочий поток: KTV 2 (1080p)
2026-05-18 05:49:52,088 - INFO - ✓ Рабочий поток: KTV News (1080p)
2026-05-18 05:49:52,157 - INFO - ✓ Рабочий поток: Kannur Vision (1080p)
2026-05-18 05:49:52,242 - INFO - ✓ Рабочий поток: Korea TV (1080p)
2026-05-18 05:49:52,602 - INFO - ✓ Рабочий поток: Kurdistan 24 (720p)
2026-05-18 05:49:52,683 - INFO - ✓ Рабочий поток: IRINN Live Farsi News
2026-05-18 05:49:52,969 - INFO - ✓ Рабочий поток: Kurdsat News (1080p)
2026-05-18 05:49:53,033 - INFO - ✓ Рабочий поток: IRINN2 Live Farsi News
2026-05-18 05:49:53,076 - INFO - ✓ Рабочий поток: Kyiv (1080p)
2026-05-18 05:49:53,664 - INFO - ✓ Рабочий поток: Lahore News (720p) [Not 24/7]
2026-05-18 05:49:53,945 - INFO - ✓ Рабочий поток: Lingkar TV
2026-05-18 05:49:54,287 - INFO - ✓ Рабочий поток: Libya Al Ahrar TV (1080p)
2026-05-18 05:49:54,336 - INFO - ✓ Рабочий поток: LaC News 24 (720p)
2026-05-18 05:49:54,641 - INFO - ✓ Рабочий поток: Living India News (1080p)
2026-05-18 05:49:54,670 - INFO - ✓ Рабочий поток: Life TV (720p) [Not 24/7]
2026-05-18 05:49:54,698 - INFO - ✓ Рабочий поток: LN24SA (1080p)
2026-05-18 05:49:54,709 - INFO - ✓ Рабочий поток: Linieros TV (480p) [Not 24/7]
2026-05-18 05:49:55,228 - INFO - ✓ Рабочий поток: Lenca Television Canal 40 (720p) [Not 24/7]
2026-05-18 05:49:55,347 - INFO - ✓ Рабочий поток: LRT Radijas (1080p)
2026-05-18 05:49:55,519 - INFO - ✓ Рабочий поток: Love Television (720p)
2026-05-18 05:49:56,344 - INFO - ✓ Рабочий поток: Madhimugam TV (576p)
2026-05-18 05:49:56,860 - INFO - ✓ Рабочий поток: M95 Televisión Marbella (1080p) [Not 24/7]
2026-05-18 05:49:56,900 - INFO - Проверено 900/1705, рабочих: 573
2026-05-18 05:49:58,832 - INFO - ✓ Рабочий поток: Makan 33 (1080p)
2026-05-18 05:49:59,012 - INFO - ✓ Рабочий поток: Medi1TV Afrique (1080p)
2026-05-18 05:49:59,018 - INFO - ✓ Рабочий поток: Media One (720p)
2026-05-18 05:49:59,121 - INFO - ✓ Рабочий поток: Medi 1 TV Maghreb (1080p)
2026-05-18 05:49:59,123 - INFO - ✓ Рабочий поток: Medi 1 TV Arabic (1080p)
2026-05-18 05:49:59,218 - INFO - ✓ Рабочий поток: Metro TV
2026-05-18 05:49:59,434 - INFO - ✓ Рабочий поток: Mekameleen TV (1080p)
2026-05-18 05:49:59,497 - INFO - ✓ Рабочий поток: Milenio Televisión (720p) [Not 24/7]
2026-05-18 05:50:00,072 - INFO - ✓ Рабочий поток: Mihan TV
2026-05-18 05:50:00,179 - INFO - ✓ Рабочий поток: Mega TV (1080p)
2026-05-18 05:50:00,781 - INFO - ✓ Рабочий поток: Minformo TV (720p)
2026-05-18 05:50:00,884 - INFO - ✓ Рабочий поток: MS NOW (720p)
2026-05-18 05:50:01,071 - INFO - ✓ Рабочий поток: Nachrichten 360 (1080p) [Geo-blocked]
2026-05-18 05:50:01,113 - INFO - ✓ Рабочий поток: Naftemporiki TV (1080p)
2026-05-18 05:50:01,219 - INFO - ✓ Рабочий поток: Monaco Info (1080p)
2026-05-18 05:50:01,263 - INFO - ✓ Рабочий поток: Nagaland TV (576p)
2026-05-18 05:50:01,686 - INFO - ✓ Рабочий поток: MTV Uutiset (720p)
2026-05-18 05:50:01,697 - INFO - ✓ Рабочий поток: NBC 8 Lancaster PA (WGAL) (720p)
2026-05-18 05:50:01,942 - INFO - ✓ Рабочий поток: NBC 12 Winston-Salem NC (WXII) (720p)
2026-05-18 05:50:02,121 - INFO - ✓ Рабочий поток: NDTV 24X7 (480p) [Not 24/7]
2026-05-18 05:50:02,258 - INFO - ✓ Рабочий поток: NDTV Madhya Pradesh Chhattisgarh (1080p)
2026-05-18 05:50:02,429 - INFO - ✓ Рабочий поток: Nanduti (720p)
2026-05-18 05:50:02,452 - INFO - ✓ Рабочий поток: National Iranian Congress TV
2026-05-18 05:50:02,488 - INFO - ✓ Рабочий поток: NDTV Marathi (1080p)
2026-05-18 05:50:02,721 - INFO - ✓ Рабочий поток: NDTV Rajasthan (1080p)
2026-05-18 05:50:02,723 - INFO - ✓ Рабочий поток: News 1st (576p)
2026-05-18 05:50:02,746 - INFO - ✓ Рабочий поток: News 7 Tamil (576p)
2026-05-18 05:50:02,747 - INFO - Проверено 950/1705, рабочих: 600
2026-05-18 05:50:03,046 - INFO - ✓ Рабочий поток: News9Live (1080p)
2026-05-18 05:50:03,253 - INFO - ✓ Рабочий поток: NBC News NOW (1080p)
2026-05-18 05:50:03,735 - INFO - ✓ Рабочий поток: NBC 2
2026-05-18 05:50:03,882 - INFO - ✓ Рабочий поток: NCTV (1080p)
2026-05-18 05:50:03,944 - INFO - ✓ Рабочий поток: News12+ Hudson Valley (1080p) [Geo-blocked]
2026-05-18 05:50:03,950 - INFO - ✓ Рабочий поток: News12+ Connecticut (1080p) [Geo-blocked]
2026-05-18 05:50:04,187 - INFO - ✓ Рабочий поток: News12 Hudson Valley [Geo-blocked]
2026-05-18 05:50:04,196 - INFO - ✓ Рабочий поток: News12 Long Island (1080p) [Geo-blocked]
2026-05-18 05:50:04,307 - INFO - ✓ Рабочий поток: News12+ Long Island (1080p) [Geo-blocked]
2026-05-18 05:50:04,325 - INFO - ✓ Рабочий поток: News12+ New Jersey (1080p) [Geo-blocked]
2026-05-18 05:50:04,430 - INFO - ✓ Рабочий поток: News12 New Jersey [Geo-blocked]
2026-05-18 05:50:04,433 - INFO - ✓ Рабочий поток: News 12 New York (1080p)
2026-05-18 05:50:04,473 - INFO - ✓ Рабочий поток: News12 Bronx [Geo-blocked]
2026-05-18 05:50:04,530 - INFO - ✓ Рабочий поток: News12+ New York (1080p) [Geo-blocked]
2026-05-18 05:50:04,595 - INFO - ✓ Рабочий поток: News12 Westchester [Geo-blocked]
2026-05-18 05:50:04,613 - INFO - ✓ Рабочий поток: News18 Bangla (1080p)
2026-05-18 05:50:04,614 - INFO - ✓ Рабочий поток: News18 Assam North-East (1080p)
2026-05-18 05:50:04,667 - INFO - ✓ Рабочий поток: News18 Bihar Jharkhand (1080p)
2026-05-18 05:50:04,681 - INFO - ✓ Рабочий поток: News18 Delhi NCR JK (1080p)
2026-05-18 05:50:04,721 - INFO - ✓ Рабочий поток: News18 Kerala (1080p)
2026-05-18 05:50:04,768 - INFO - ✓ Рабочий поток: News18 Gujarati (1080p)
2026-05-18 05:50:04,792 - INFO - ✓ Рабочий поток: News18 Kannada (1080p)
2026-05-18 05:50:04,803 - INFO - ✓ Рабочий поток: News18 India (1080p)
2026-05-18 05:50:04,850 - INFO - ✓ Рабочий поток: News18 Madhya Pradesh/Chhattisgarh (1080p)
2026-05-18 05:50:04,867 - INFO - ✓ Рабочий поток: News18 Marathi (1080p)
2026-05-18 05:50:04,897 - INFO - ✓ Рабочий поток: News12 Conneticut [Geo-blocked]
2026-05-18 05:50:04,924 - INFO - ✓ Рабочий поток: News18 Odia (1080p)
2026-05-18 05:50:04,964 - INFO - ✓ Рабочий поток: News18 Tamil Nadu (1080p)
2026-05-18 05:50:04,968 - INFO - ✓ Рабочий поток: News18 Uttar Pradesh Uttarakhand (1080p)
2026-05-18 05:50:04,989 - INFO - ✓ Рабочий поток: News12 Brooklyn [Geo-blocked]
2026-05-18 05:50:05,003 - INFO - ✓ Рабочий поток: News18 Punjab/Haryana/Himachal (1080p)
2026-05-18 05:50:05,039 - INFO - ✓ Рабочий поток: News18 Urdu (1080p)
2026-05-18 05:50:05,060 - INFO - ✓ Рабочий поток: News18 Rajasthan (1080p)
2026-05-18 05:50:05,186 - INFO - ✓ Рабочий поток: News Daily 24 (576p)
2026-05-18 05:50:05,204 - INFO - ✓ Рабочий поток: News Live (576p)
2026-05-18 05:50:05,207 - INFO - ✓ Рабочий поток: News J (720p) [Not 24/7]
2026-05-18 05:50:05,364 - INFO - ✓ Рабочий поток: News Nation (1080p)
2026-05-18 05:50:05,498 - INFO - ✓ Рабочий поток: News 24 Albania (392p)
2026-05-18 05:50:05,505 - INFO - ✓ Рабочий поток: News 24 (1080p)
2026-05-18 05:50:05,659 - INFO - ✓ Рабочий поток: NewsTime Bangla (576p)
2026-05-18 05:50:05,787 - INFO - Проверено 1000/1705, рабочих: 640
2026-05-18 05:50:05,792 - INFO - ✓ Рабочий поток: NewsNet (720p) [Not 24/7]
2026-05-18 05:50:05,964 - INFO - ✓ Рабочий поток: News Central
2026-05-18 05:50:06,093 - INFO - ✓ Рабочий поток: Newsmax 2 (1080p)
2026-05-18 05:50:06,179 - INFO - ✓ Рабочий поток: News 24 (720p)
2026-05-18 05:50:06,180 - INFO - ✓ Рабочий поток: NewsWorld (1080p)
2026-05-18 05:50:06,327 - INFO - ✓ Рабочий поток: NHK World-Japan (1080p)
2026-05-18 05:50:06,410 - INFO - ✓ Рабочий поток: NHK World-Japan HD (1080p) [Geo-blocked]
2026-05-18 05:50:06,432 - INFO - ✓ Рабочий поток: Northeast Live (720p)
2026-05-18 05:50:06,707 - INFO - ✓ Рабочий поток: Newsy (1080p)
2026-05-18 05:50:06,948 - INFO - ✓ Рабочий поток: NTD TV English (1080p)
2026-05-18 05:50:07,131 - INFO - ✓ Рабочий поток: Norte Informativo TV (240p)
2026-05-18 05:50:07,156 - INFO - ✓ Рабочий поток: NTV Telugu (1080p)
2026-05-18 05:50:07,346 - INFO - ✓ Рабочий поток: NW Info 2 EN (576p)
2026-05-18 05:50:07,423 - INFO - ✓ Рабочий поток: NTD TV English UK (1080p)
2026-05-18 05:50:07,542 - INFO - ✓ Рабочий поток: NPY (1080p)
2026-05-18 05:50:07,549 - INFO - ✓ Рабочий поток: OAN Encore (720p) [Geo-blocked]
2026-05-18 05:50:07,639 - INFO - ✓ Рабочий поток: NW Info FR (576p)
2026-05-18 05:50:07,804 - INFO - ✓ Рабочий поток: NH Niews (1080p)
2026-05-18 05:50:07,808 - INFO - ✓ Рабочий поток: O'zbekiston 24 (1080p)
2026-05-18 05:50:07,868 - INFO - ✓ Рабочий поток: Nopola News (1080p) [Not 24/7]
2026-05-18 05:50:07,997 - INFO - ✓ Рабочий поток: Oman Mubashir (1080p)
2026-05-18 05:50:08,020 - INFO - ✓ Рабочий поток: OAN (1080p)
2026-05-18 05:50:08,171 - INFO - ✓ Рабочий поток: OANPlus (1080p)
2026-05-18 05:50:08,418 - INFO - ✓ Рабочий поток: Onkar Only Truth TV (576p)
2026-05-18 05:50:08,780 - INFO - ✓ Рабочий поток: Observator News (720p)
2026-05-18 05:50:09,191 - INFO - ✓ Рабочий поток: Onda 15 TV (224p)
2026-05-18 05:50:09,362 - INFO - ✓ Рабочий поток: Palitra News (480p) [Not 24/7]
2026-05-18 05:50:09,414 - INFO - ✓ Рабочий поток: Onda Valencia (720p)
2026-05-18 05:50:09,422 - INFO - ✓ Рабочий поток: Polimer News (720p)
2026-05-18 05:50:09,492 - INFO - ✓ Рабочий поток: Palestine Today (480p) [Geo-blocked]
2026-05-18 05:50:09,666 - INFO - ✓ Рабочий поток: Palestine Al Yawm (720p)
2026-05-18 05:50:09,907 - INFO - Проверено 1050/1705, рабочих: 671
2026-05-18 05:50:09,915 - INFO - ✓ Рабочий поток: Power TV (576p)
2026-05-18 05:50:09,916 - INFO - ✓ Рабочий поток: Payvand TV (720p)
2026-05-18 05:50:10,007 - INFO - ✓ Рабочий поток: Ora News (720p)
2026-05-18 05:50:10,055 - INFO - ✓ Рабочий поток: Olay Türk TV Kayseri (720p) [Geo-blocked]
2026-05-18 05:50:10,164 - INFO - ✓ Рабочий поток: Pratidin Time (576p)
2026-05-18 05:50:10,352 - INFO - ✓ Рабочий поток: Prime9 News (1080p)
2026-05-18 05:50:10,354 - INFO - ✓ Рабочий поток: Payam TV (720p) [Not 24/7]
2026-05-18 05:50:10,833 - INFO - ✓ Рабочий поток: Prudent Media (1080p)
2026-05-18 05:50:10,902 - INFO - ✓ Рабочий поток: Pro TV News (1080p)
2026-05-18 05:50:11,269 - INFO - ✓ Рабочий поток: PTC News (576p)
2026-05-18 05:50:11,292 - INFO - ✓ Рабочий поток: Plena TV (720p)
2026-05-18 05:50:11,294 - INFO - ✓ Рабочий поток: Prensa Latina TV (1080p)
2026-05-18 05:50:11,495 - INFO - ✓ Рабочий поток: Public TV (720p)
2026-05-18 05:50:11,608 - INFO - ✓ Рабочий поток: PSN Canal 45.2 (288p)
2026-05-18 05:50:11,753 - INFO - ✓ Рабочий поток: PSN (288p)
2026-05-18 05:50:11,778 - INFO - ✓ Рабочий поток: Puthiya Thalaimurai (576p)
2026-05-18 05:50:11,917 - INFO - ✓ Рабочий поток: Press TV French (1080p)
2026-05-18 05:50:12,624 - INFO - ✓ Рабочий поток: PTV (720p)
2026-05-18 05:50:12,859 - INFO - ✓ Рабочий поток: Puranoticia TV (720p)
2026-05-18 05:50:13,045 - INFO - ✓ Рабочий поток: Radio Ancón (720p)
2026-05-18 05:50:13,456 - INFO - ✓ Рабочий поток: Radio Isla TV (720p)
2026-05-18 05:50:13,800 - INFO - ✓ Рабочий поток: Radio Capital TiVu (720p)
2026-05-18 05:50:14,030 - INFO - ✓ Рабочий поток: RDN (1080p) [Not 24/7]
2026-05-18 05:50:14,153 - INFO - ✓ Рабочий поток: Record News (720p)
2026-05-18 05:50:14,277 - INFO - ✓ Рабочий поток: RCV TV (712p)
2026-05-18 05:50:14,335 - INFO - ✓ Рабочий поток: Red TV Lebanon (1080p)
2026-05-18 05:50:14,351 - INFO - ✓ Рабочий поток: Reporter TV (576p)
2026-05-18 05:50:14,353 - INFO - ✓ Рабочий поток: Redseat The First (720p)
2026-05-18 05:50:14,410 - INFO - ✓ Рабочий поток: Republic Bharat (1080p) [Geo-blocked]
2026-05-18 05:50:14,475 - INFO - ✓ Рабочий поток: Republic Bangla (1080p)
2026-05-18 05:50:14,476 - INFO - Проверено 1100/1705, рабочих: 701
2026-05-18 05:50:14,492 - INFO - ✓ Рабочий поток: Republic Kannada (1080p)
2026-05-18 05:50:14,636 - INFO - ✓ Рабочий поток: Real News Kerala (1080p) [Not 24/7]
2026-05-18 05:50:14,726 - INFO - ✓ Рабочий поток: Republic TV (1080p)
2026-05-18 05:50:14,992 - INFO - ✓ Рабочий поток: Reuters (1080p)
2026-05-18 05:50:15,031 - INFO - ✓ Рабочий поток: RNN (720p) [Not 24/7]
2026-05-18 05:50:15,248 - INFO - ✓ Рабочий поток: Rozana Spokesman (1080p)
2026-05-18 05:50:15,532 - INFO - ✓ Рабочий поток: Rlive TV (406p)
2026-05-18 05:50:15,582 - INFO - ✓ Рабочий поток: Red+ (1080p)
2026-05-18 05:50:16,472 - INFO - ✓ Рабочий поток: RSelvaTV (720p)
2026-05-18 05:50:16,586 - INFO - ✓ Рабочий поток: RT DE (1080p) [Not 24/7]
2026-05-18 05:50:16,672 - INFO - ✓ Рабочий поток: RT Arabic (1080p) [Geo-blocked]
2026-05-18 05:50:17,301 - INFO - ✓ Рабочий поток: RT France (1080p) [Geo-blocked]
2026-05-18 05:50:17,453 - INFO - ✓ Рабочий поток: RPP TV (1080p)
2026-05-18 05:50:17,868 - INFO - ✓ Рабочий поток: RT India (1080p)
2026-05-18 05:50:17,970 - INFO - ✓ Рабочий поток: Rudaw TV (1080p)
2026-05-18 05:50:17,992 - INFO - ✓ Рабочий поток: SABC Lehae [Geo-blocked]
2026-05-18 05:50:18,187 - INFO - ✓ Рабочий поток: SABC News (720p) [Geo-blocked]
2026-05-18 05:50:18,609 - INFO - ✓ Рабочий поток: Salaam TV (720p)
2026-05-18 05:50:18,715 - INFO - ✓ Рабочий поток: RTU (1080p) [Not 24/7]
2026-05-18 05:50:18,790 - INFO - ✓ Рабочий поток: Samay Kolkata (1080p)
2026-05-18 05:50:18,906 - INFO - ✓ Рабочий поток: Sathiyam TV (720p)
2026-05-18 05:50:18,993 - INFO - ✓ Рабочий поток: Sadhna Plus News (720p)
2026-05-18 05:50:19,442 - INFO - ✓ Рабочий поток: Scripps News (1080p)
2026-05-18 05:50:19,495 - INFO - ✓ Рабочий поток: SC Currents
2026-05-18 05:50:19,515 - INFO - ✓ Рабочий поток: Shams TV (1080p)
2026-05-18 05:50:19,837 - INFO - ✓ Рабочий поток: Scripps News
2026-05-18 05:50:20,144 - INFO - ✓ Рабочий поток: SK 1 (720p)
2026-05-18 05:50:20,146 - INFO - ✓ Рабочий поток: Sky News Arabia (Portrait) (1280p) [Not 24/7]
2026-05-18 05:50:20,159 - INFO - ✓ Рабочий поток: Sky News Arabia (1080p)
2026-05-18 05:50:20,160 - INFO - Проверено 1150/1705, рабочих: 730
2026-05-18 05:50:20,163 - INFO - ✓ Рабочий поток: Sky News Arabia (1080p) [Not 24/7]
2026-05-18 05:50:20,273 - INFO - ✓ Рабочий поток: Sky News Arabia Vertical (1080p)
2026-05-18 05:50:20,468 - INFO - ✓ Рабочий поток: Sky News Extra 2 (540p) [Not 24/7]
2026-05-18 05:50:20,480 - INFO - ✓ Рабочий поток: Sky News Extra 3 (1080p)
2026-05-18 05:50:20,488 - INFO - ✓ Рабочий поток: Sky News Extra 1 (540p)
2026-05-18 05:50:20,678 - INFO - ✓ Рабочий поток: Star Bharat (576p)
2026-05-18 05:50:21,087 - INFO - ✓ Рабочий поток: Somoy News TV (1080p)
2026-05-18 05:50:21,296 - INFO - ✓ Рабочий поток: Star Kentrikis Elladas (1080p)
2026-05-18 05:50:21,629 - INFO - ✓ Рабочий поток: Start TV (480p)
2026-05-18 05:50:22,038 - INFO - ✓ Рабочий поток: Sudarshan News (1080p)
2026-05-18 05:50:22,221 - INFO - ✓ Рабочий поток: Swadesh News (720p)
2026-05-18 05:50:22,281 - INFO - ✓ Рабочий поток: Swaraj Express SMBC (720p) [Not 24/7]
2026-05-18 05:50:22,637 - INFO - ✓ Рабочий поток: STZ TV (1080p)
2026-05-18 05:50:22,660 - INFO - ✓ Рабочий поток: Swatantra TV (1080p)
2026-05-18 05:50:22,740 - INFO - ✓ Рабочий поток: Such TV
2026-05-18 05:50:22,896 - INFO - ✓ Рабочий поток: T News (720p)
2026-05-18 05:50:23,200 - INFO - ✓ Рабочий поток: TBS News (544p)
2026-05-18 05:50:23,451 - INFO - ✓ Рабочий поток: Syria TV (1080p)
2026-05-18 05:50:23,456 - INFO - ✓ Рабочий поток: Suceso TV [Not 24/7]
2026-05-18 05:50:23,637 - INFO - ✓ Рабочий поток: Syri (720p)
2026-05-18 05:50:24,358 - INFO - ✓ Рабочий поток: Telegela 647
2026-05-18 05:50:24,593 - INFO - ✓ Рабочий поток: TCM 10 HD (1080p)
2026-05-18 05:50:24,850 - INFO - ✓ Рабочий поток: Telenews TV
2026-05-18 05:50:25,099 - INFO - ✓ Рабочий поток: TeleMoldova + [Geo-blocked]
2026-05-18 05:50:25,105 - INFO - ✓ Рабочий поток: Telesur English (480p)
2026-05-18 05:50:25,106 - INFO - ✓ Рабочий поток: Telesur (480p)
2026-05-18 05:50:25,406 - INFO - ✓ Рабочий поток: Telesur HD (1080p)
2026-05-18 05:50:25,606 - INFO - ✓ Рабочий поток: Telesur English HD (1080p)
2026-05-18 05:50:25,665 - INFO - ✓ Рабочий поток: The First TV (1080p)
2026-05-18 05:50:25,733 - INFO - ✓ Рабочий поток: Thanthi TV (576p)
2026-05-18 05:50:25,919 - INFO - Проверено 1200/1705, рабочих: 760
2026-05-18 05:50:26,124 - INFO - ✓ Рабочий поток: TGRT Haber (720p)
2026-05-18 05:50:26,136 - INFO - ✓ Рабочий поток: Times Now Navbharat (1080p) [Geo-blocked]
2026-05-18 05:50:26,365 - INFO - ✓ Рабочий поток: TNP News (1080p)
2026-05-18 05:50:26,488 - INFO - ✓ Рабочий поток: The News Forum (1080p)
2026-05-18 05:50:26,584 - INFO - ✓ Рабочий поток: TODAY All Day (1080p)
2026-05-18 05:50:26,654 - INFO - ✓ Рабочий поток: TOI Global (1080p)
2026-05-18 05:50:26,688 - INFO - ✓ Рабочий поток: The Young Turks (TYT) (1080p) [Not 24/7]
2026-05-18 05:50:26,721 - INFO - ✓ Рабочий поток: Top News (720p)
2026-05-18 05:50:26,725 - INFO - ✓ Рабочий поток: Top Stories by Newsy (720p)
2026-05-18 05:50:26,973 - INFO - ✓ Рабочий поток: Trailers (1080p)
2026-05-18 05:50:27,024 - INFO - ✓ Рабочий поток: Tonghua TV (1080p)
2026-05-18 05:50:27,335 - INFO - ✓ Рабочий поток: TRA 2 (576p)
2026-05-18 05:50:27,489 - INFO - ✓ Рабочий поток: TRT Arabi (1080p) [Not 24/7]
2026-05-18 05:50:27,634 - INFO - ✓ Рабочий поток: TRT Haber (720p)
2026-05-18 05:50:27,700 - INFO - ✓ Рабочий поток: TRT World (1080p) [Not 24/7]
2026-05-18 05:50:27,955 - INFO - ✓ Рабочий поток: TV5 Kannada (576p)
2026-05-18 05:50:28,514 - INFO - ✓ Рабочий поток: TRT World HD
2026-05-18 05:50:28,567 - INFO - ✓ Рабочий поток: TV5Monde Info (1080p) [Geo-blocked]
2026-05-18 05:50:28,706 - INFO - ✓ Рабочий поток: TV9 Bangla (720p)
2026-05-18 05:50:28,753 - INFO - ✓ Рабочий поток: TV9 Gujarati (720p)
2026-05-18 05:50:28,820 - INFO - ✓ Рабочий поток: TV9 Marathi (720p)
2026-05-18 05:50:28,834 - INFO - ✓ Рабочий поток: TV9 Bharatvarsh (720p)
2026-05-18 05:50:28,881 - INFO - ✓ Рабочий поток: TV9 Telugu (720p)
2026-05-18 05:50:29,177 - INFO - ✓ Рабочий поток: TV13 Gujarati (720p)
2026-05-18 05:50:29,274 - INFO - ✓ Рабочий поток: TV5 News (576p)
2026-05-18 05:50:29,387 - INFO - ✓ Рабочий поток: TürkHaber (720p)
2026-05-18 05:50:29,541 - INFO - ✓ Рабочий поток: tv9 Telemaremma (576p)
2026-05-18 05:50:29,620 - INFO - ✓ Рабочий поток: TV Arta (720p)
2026-05-18 05:50:30,045 - INFO - ✓ Рабочий поток: TRT (720p)
2026-05-18 05:50:31,195 - INFO - ✓ Рабочий поток: TV La Capitale
2026-05-18 05:50:31,267 - INFO - ✓ Рабочий поток: TV A Folha (720p)
2026-05-18 05:50:31,395 - INFO - ✓ Рабочий поток: TV Jadran (720p) [Not 24/7]
2026-05-18 05:50:31,403 - INFO - ✓ Рабочий поток: TV Brusque (720p)
2026-05-18 05:50:31,923 - INFO - Проверено 1250/1705, рабочих: 793
2026-05-18 05:50:32,044 - INFO - ✓ Рабочий поток: TV Natal (1080p)
2026-05-18 05:50:32,335 - INFO - ✓ Рабочий поток: TV Modelo (720p)
2026-05-18 05:50:32,391 - INFO - ✓ Рабочий поток: TVídeoNews (720p) [Not 24/7]
2026-05-18 05:50:32,401 - INFO - ✓ Рабочий поток: TVC News (576p)
2026-05-18 05:50:32,481 - INFO - ✓ Рабочий поток: TV Sim Cachoeiro (720p)
2026-05-18 05:50:32,635 - INFO - ✓ Рабочий поток: TVP World (1080p)
2026-05-18 05:50:32,647 - INFO - ✓ Рабочий поток: TV Sim São Mateus (720p)
2026-05-18 05:50:32,690 - INFO - ✓ Рабочий поток: TVM News+ [Geo-blocked]
2026-05-18 05:50:32,903 - INFO - ✓ Рабочий поток: UN Web TV (540p)
2026-05-18 05:50:33,047 - INFO - ✓ Рабочий поток: TVR Info
2026-05-18 05:50:33,279 - INFO - ✓ Рабочий поток: TVK Stella (576p)
2026-05-18 05:50:33,309 - INFO - ✓ Рабочий поток: TV Paraense (720p)
2026-05-18 05:50:33,464 - INFO - ✓ Рабочий поток: UNE TV (720p)
2026-05-18 05:50:33,605 - INFO - ✓ Рабочий поток: Velicham TV (576p)
2026-05-18 05:50:33,741 - INFO - ✓ Рабочий поток: UN24 (720p)
2026-05-18 05:50:33,891 - INFO - ✓ Рабочий поток: VIP News (360p)
2026-05-18 05:50:33,956 - INFO - ✓ Рабочий поток: TV Zoom (720p)
2026-05-18 05:50:33,966 - INFO - ✓ Рабочий поток: USA Today (1080p)
2026-05-18 05:50:34,116 - INFO - ✓ Рабочий поток: UMSA TVU LP (720p)
2026-05-18 05:50:34,265 - INFO - ✓ Рабочий поток: VOA TV Africa (1080p)
2026-05-18 05:50:34,423 - INFO - ✓ Рабочий поток: Vergina TV (1080p)
2026-05-18 05:50:34,588 - INFO - ✓ Рабочий поток: Voice of Lebanon (1080p)
2026-05-18 05:50:34,620 - INFO - ✓ Рабочий поток: VOA Persian (1080p)
2026-05-18 05:50:34,698 - INFO - ✓ Рабочий поток: W14DK-D 14.2 NEWSNET
2026-05-18 05:50:34,849 - INFO - ✓ Рабочий поток: Unifranz (720p)
2026-05-18 05:50:35,087 - INFO - ✓ Рабочий поток: Welat TV (1080i)
2026-05-18 05:50:35,129 - INFO - ✓ Рабочий поток: WGAL-DT3 (1080p) [Geo-blocked]
2026-05-18 05:50:35,174 - INFO - ✓ Рабочий поток: Vísir (1080p)
2026-05-18 05:50:35,195 - INFO - ✓ Рабочий поток: VNP
2026-05-18 05:50:35,200 - INFO - ✓ Рабочий поток: WION (1080p)
2026-05-18 05:50:35,271 - INFO - ✓ Рабочий поток: WGGS-DT2 (720p)
2026-05-18 05:50:35,431 - INFO - ✓ Рабочий поток: Zee 24 Taas (720p)
2026-05-18 05:50:35,433 - INFO - Проверено 1300/1705, рабочих: 825
2026-05-18 05:50:35,462 - INFO - ✓ Рабочий поток: Zee Bharat (720p)
2026-05-18 05:50:35,548 - INFO - ✓ Рабочий поток: Zee Delhi NCR Haryana (720p)
2026-05-18 05:50:35,612 - INFO - ✓ Рабочий поток: Zee 24 Kalak (720p)
2026-05-18 05:50:35,629 - INFO - ✓ Рабочий поток: Zee Bihar Jharkhand (720p)
2026-05-18 05:50:35,650 - INFO - ✓ Рабочий поток: Zee Madhya Pradesh Chhattisgarh (720p)
2026-05-18 05:50:35,721 - INFO - ✓ Рабочий поток: Zee News (1080p)
2026-05-18 05:50:35,745 - INFO - ✓ Рабочий поток: Zee Kannada News (720p)
2026-05-18 05:50:35,751 - INFO - ✓ Рабочий поток: Zee Punjab Haryana Himachal (720p)
2026-05-18 05:50:35,797 - INFO - ✓ Рабочий поток: Zee Rajasthan (720p)
2026-05-18 05:50:35,840 - INFO - ✓ Рабочий поток: Zee Malayalam News (720p)
2026-05-18 05:50:35,987 - INFO - ✓ Рабочий поток: WJBK-DT1 (1080p)
2026-05-18 05:50:36,023 - INFO - ✓ Рабочий поток: Zee Uttar Pradesh/Uttarakhand (720p)
2026-05-18 05:50:36,047 - INFO - ✓ Рабочий поток: Zee Telugu News (720p)
2026-05-18 05:50:36,292 - INFO - ✓ Рабочий поток: ZillarBarta News
2026-05-18 05:50:36,409 - INFO - ✓ Рабочий поток: Zoom TV Kurdish (720p)
2026-05-18 05:50:36,636 - INFO - ✓ Рабочий поток: Телеканал Репортер Одесса (720p)
2026-05-18 05:50:36,810 - INFO - ✓ Рабочий поток: Первый информационный (1080p)
2026-05-18 05:50:36,898 - INFO - ✓ Рабочий поток: 鹤壁新闻综合 (480p) [Not 24/7]
2026-05-18 05:50:37,463 - INFO - ✓ Рабочий поток: 50 Cent Action (720p)
2026-05-18 05:50:37,877 - INFO - ✓ Рабочий поток: 80s Rewind
2026-05-18 05:50:37,917 - INFO - ✓ Рабочий поток: 90s Throwback
2026-05-18 05:50:37,954 - INFO - ✓ Рабочий поток: 30A TV Classic Movies (720p)
2026-05-18 05:50:38,101 - INFO - ✓ Рабочий поток: 70s Cinema
2026-05-18 05:50:38,227 - INFO - ✓ Рабочий поток: &xplor HD (1080p)
2026-05-18 05:50:38,788 - INFO - ✓ Рабочий поток: ABN Bible Movies (720p)
2026-05-18 05:50:38,845 - INFO - ✓ Рабочий поток: Action 24 (1080p)
2026-05-18 05:50:39,575 - INFO - ✓ Рабочий поток: Adrenalina Pura TV
2026-05-18 05:50:40,043 - INFO - ✓ Рабочий поток: Alankar TV (720p)
2026-05-18 05:50:40,310 - INFO - ✓ Рабочий поток: Alien Nation by DUST (1080p)
2026-05-18 05:50:40,584 - INFO - ✓ Рабочий поток: Afriwood Blockbuster (720p)
2026-05-18 05:50:42,636 - INFO - ✓ Рабочий поток: American Horrors (480p)
2026-05-18 05:50:43,405 - INFO - ✓ Рабочий поток: Artflix Movie Classics (720p)
2026-05-18 05:50:43,911 - INFO - ✓ Рабочий поток: Atrescine (1080p)
2026-05-18 05:50:44,528 - INFO - ✓ Рабочий поток: Aurora Media Films (720p)
2026-05-18 05:50:44,603 - INFO - ✓ Рабочий поток: Asianet Movies HD (1080p)
2026-05-18 05:50:44,748 - INFO - ✓ Рабочий поток: B4U Bhojpuri (1080p)
2026-05-18 05:50:44,979 - INFO - ✓ Рабочий поток: B4U Kadak (1080p) [Not 24/7]
2026-05-18 05:50:44,997 - INFO - ✓ Рабочий поток: Bhojpuri Cinema (720p)
2026-05-18 05:50:45,765 - INFO - ✓ Рабочий поток: BET Cinema
2026-05-18 05:50:46,119 - INFO - ✓ Рабочий поток: BIZ Cinema (1080p)
2026-05-18 05:50:46,188 - INFO - ✓ Рабочий поток: Bom Cine (1080p)
2026-05-18 05:50:46,347 - INFO - ✓ Рабочий поток: Boreal (720p) [Not 24/7]
2026-05-18 05:50:47,104 - INFO - ✓ Рабочий поток: Cafe Film
2026-05-18 05:50:47,315 - INFO - ✓ Рабочий поток: Charge! (1080p)
2026-05-18 05:50:47,553 - INFO - ✓ Рабочий поток: Cine Sony (720p)
2026-05-18 05:50:48,191 - INFO - ✓ Рабочий поток: Cine Premiere
2026-05-18 05:50:48,222 - INFO - ✓ Рабочий поток: Cine adrenalina
2026-05-18 05:50:48,280 - INFO - ✓ Рабочий поток: Cine Clásico
2026-05-18 05:50:48,286 - INFO - ✓ Рабочий поток: Cine terror
2026-05-18 05:50:48,290 - INFO - ✓ Рабочий поток: Cine comedia
2026-05-18 05:50:48,598 - INFO - ✓ Рабочий поток: Cine Romantico (720p)
2026-05-18 05:50:48,908 - INFO - ✓ Рабочий поток: Cinema Hausa (720p)
2026-05-18 05:50:48,991 - INFO - ✓ Рабочий поток: Classic Movies Channel
2026-05-18 05:50:49,262 - INFO - ✓ Рабочий поток: Classique TV (360p)
2026-05-18 05:50:49,510 - INFO - ✓ Рабочий поток: Classic Cinema (240p) [Not 24/7]
2026-05-18 05:50:49,584 - INFO - ✓ Рабочий поток: Ebony TV by Lionsgate (1080p)
2026-05-18 05:50:49,707 - INFO - ✓ Рабочий поток: Eisei Gekijo (544p)
2026-05-18 05:50:49,844 - INFO - ✓ Рабочий поток: DiscoverFilm (720p)
2026-05-18 05:50:50,223 - INFO - ✓ Рабочий поток: ETV Cinema HD (1080p)
2026-05-18 05:50:50,472 - INFO - ✓ Рабочий поток: Ekran Movies
2026-05-18 05:50:50,552 - INFO - ✓ Рабочий поток: Filmax (576p)
2026-05-18 05:50:50,733 - INFO - ✓ Рабочий поток: EBS Cinema (720p)
2026-05-18 05:50:51,339 - INFO - ✓ Рабочий поток: FilmRise Westerns (720p)
2026-05-18 05:50:51,780 - INFO - ✓ Рабочий поток: Filmes Suspense
2026-05-18 05:50:52,279 - INFO - ✓ Рабочий поток: Flicks of Fury
2026-05-18 05:50:52,463 - INFO - ✓ Рабочий поток: GEM Bollywood
2026-05-18 05:50:52,629 - INFO - ✓ Рабочий поток: GEM Drama
2026-05-18 05:50:52,687 - INFO - ✓ Рабочий поток: GEM Film
2026-05-18 05:50:52,753 - INFO - ✓ Рабочий поток: FX Movie Channel (720p) [Not 24/7]
2026-05-18 05:50:52,861 - INFO - ✓ Рабочий поток: GEM Onyx
2026-05-18 05:50:52,976 - INFO - ✓ Рабочий поток: GEM Rubix
2026-05-18 05:50:53,002 - INFO - ✓ Рабочий поток: GEM Drama Plus
2026-05-18 05:50:53,093 - INFO - ✓ Рабочий поток: GEM Rubix Plus
2026-05-18 05:50:53,200 - INFO - ✓ Рабочий поток: GEM TV
2026-05-18 05:50:53,239 - INFO - ✓ Рабочий поток: GEM TV Plus
2026-05-18 05:50:53,268 - INFO - ✓ Рабочий поток: GEM Pixel
2026-05-18 05:50:53,450 - INFO - ✓ Рабочий поток: Goldmines (576p)
2026-05-18 05:50:53,510 - INFO - ✓ Рабочий поток: Goldmines 2 (576p)
2026-05-18 05:50:53,999 - INFO - ✓ Рабочий поток: Gold Star
2026-05-18 05:50:54,402 - INFO - ✓ Рабочий поток: Girlfriends
2026-05-18 05:50:54,432 - INFO - ✓ Рабочий поток: Gravitas Movies (1080p)
2026-05-18 05:50:54,711 - INFO - ✓ Рабочий поток: Grand Cinema
2026-05-18 05:50:54,884 - INFO - ✓ Рабочий поток: Harbin Movie Channel
2026-05-18 05:50:55,044 - INFO - ✓ Рабочий поток: Grjngo Western Movies (720p)
2026-05-18 05:50:55,311 - INFO - ✓ Рабочий поток: Groovy TV (360p)
2026-05-18 05:50:55,551 - INFO - ✓ Рабочий поток: Home Plus
2026-05-18 05:50:55,653 - INFO - ✓ Рабочий поток: ICC Plus (1080p)
2026-05-18 05:50:55,699 - INFO - ✓ Рабочий поток: Hallmark Movies & Mysteries East (1080p) [Not 24/7]
2026-05-18 05:50:56,220 - INFO - ✓ Рабочий поток: IFC East (720p) [Not 24/7]
2026-05-18 05:50:56,341 - INFO - ✓ Рабочий поток: iFilm 2
2026-05-18 05:50:56,516 - INFO - ✓ Рабочий поток: iFilm Arabic
2026-05-18 05:50:56,576 - INFO - ✓ Рабочий поток: iFilm English
2026-05-18 05:50:56,685 - INFO - ✓ Рабочий поток: iFilm Persian
2026-05-18 05:50:56,728 - INFO - ✓ Рабочий поток: Kairali We (576p)
2026-05-18 05:50:57,125 - INFO - ✓ Рабочий поток: Itage TV (480p)
2026-05-18 05:50:57,196 - INFO - ✓ Рабочий поток: Komsan TV [Not 24/7]
2026-05-18 05:50:57,506 - INFO - ✓ Рабочий поток: Kinoteatr (1080p)
2026-05-18 05:50:57,515 - INFO - ✓ Рабочий поток: KidsFlix (1080p) [Not 24/7]
2026-05-18 05:50:58,146 - INFO - ✓ Рабочий поток: Kuriakos Cine (1080p)
2026-05-18 05:50:58,306 - INFO - ✓ Рабочий поток: Made in Hollywood
2026-05-18 05:50:58,321 - INFO - ✓ Рабочий поток: Lifetime Movies East (720p) [Not 24/7]
2026-05-18 05:50:58,328 - INFO - ✓ Рабочий поток: Maha Movie (576p)
2026-05-18 05:50:58,359 - INFO - ✓ Рабочий поток: Manoranjan Grand (720p)
2026-05-18 05:50:58,921 - INFO - ✓ Рабочий поток: Maverick Black Cinema (1080p)
2026-05-18 05:50:59,306 - INFO - ✓ Рабочий поток: MNX HD (1080p)
2026-05-18 05:50:59,475 - INFO - ✓ Рабочий поток: Mega Cine TV (1080p)
2026-05-18 05:50:59,568 - INFO - ✓ Рабочий поток: Movies Now + (1080p)
2026-05-18 05:50:59,957 - INFO - ✓ Рабочий поток: Memorias TV Film (720p) [Geo-blocked]
2026-05-18 05:50:59,978 - INFO - ✓ Рабочий поток: Mix Hollywood (1080p)
2026-05-18 05:51:00,112 - INFO - ✓ Рабочий поток: MovieSphere UK (1080p)
2026-05-18 05:51:00,169 - INFO - ✓ Рабочий поток: MovieSphere AU (1080p)
2026-05-18 05:51:00,185 - INFO - ✓ Рабочий поток: Movies! (480p)
2026-05-18 05:51:00,219 - INFO - ✓ Рабочий поток: MOVIEDOME (720p)
2026-05-18 05:51:00,311 - INFO - ✓ Рабочий поток: MyTime Movie Network (1080p)
2026-05-18 05:51:00,327 - INFO - ✓ Рабочий поток: MyTime movie network Spain (1080p)
2026-05-18 05:51:00,363 - INFO - ✓ Рабочий поток: MovieSphere (1080p)
2026-05-18 05:51:00,600 - INFO - ✓ Рабочий поток: Moviesphere (720p)
2026-05-18 05:51:00,725 - INFO - ✓ Рабочий поток: Nihon Eiga Senmon (544p)
2026-05-18 05:51:00,899 - INFO - ✓ Рабочий поток: MyTime Movie Network Mexico (720p)
2026-05-18 05:51:00,905 - INFO - ✓ Рабочий поток: MovieSphere by Lionsgate
2026-05-18 05:51:01,041 - INFO - ✓ Рабочий поток: Oscar Movies Bhojpuri (720p)
2026-05-18 05:51:01,082 - INFO - ✓ Рабочий поток: MyTime Movie Network (1080p)
2026-05-18 05:51:01,357 - INFO - ✓ Рабочий поток: OuterSphere (1080p)
2026-05-18 05:51:01,620 - INFO - ✓ Рабочий поток: Persiana Cinema
2026-05-18 05:51:01,699 - INFO - ✓ Рабочий поток: Paramount Movie Channel
2026-05-18 05:51:01,742 - INFO - ✓ Рабочий поток: MyTime Movie Network Brazil (720p)
2026-05-18 05:51:01,778 - INFO - ✓ Рабочий поток: NEW KMOVIES (1080p)
2026-05-18 05:51:01,921 - INFO - ✓ Рабочий поток: Persiana Family
2026-05-18 05:51:01,967 - INFO - ✓ Рабочий поток: Pitaara (720p)
2026-05-18 05:51:02,008 - INFO - ✓ Рабочий поток: Paramount+ Picks
2026-05-18 05:51:02,024 - INFO - ✓ Рабочий поток: Next HD (480p)
2026-05-18 05:51:02,117 - INFO - ✓ Рабочий поток: Persiana Iranian
2026-05-18 05:51:02,423 - INFO - ✓ Рабочий поток: Persiana Korea
2026-05-18 05:51:02,531 - INFO - ✓ Рабочий поток: Persiana Plus
2026-05-18 05:51:02,747 - INFO - ✓ Рабочий поток: Pluto TV Action
2026-05-18 05:51:02,797 - INFO - ✓ Рабочий поток: Pluto TV Action
2026-05-18 05:51:02,912 - INFO - ✓ Рабочий поток: Pluto TV Cine Drama
2026-05-18 05:51:02,992 - INFO - ✓ Рабочий поток: Pluto TV Cine Sucessos
2026-05-18 05:51:02,992 - INFO - ✓ Рабочий поток: Pluto TV Cine Romance
2026-05-18 05:51:03,167 - INFO - ✓ Рабочий поток: Pluto TV Cine Família
2026-05-18 05:51:03,256 - INFO - ✓ Рабочий поток: Pluto TV Cine Clássicos
2026-05-18 05:51:03,290 - INFO - ✓ Рабочий поток: Pluto TV Cine Terror
2026-05-18 05:51:03,595 - INFO - ✓ Рабочий поток: Pluto TV Crime Drama
2026-05-18 05:51:03,709 - INFO - ✓ Рабочий поток: Pluto TV Crime Movies
2026-05-18 05:51:03,863 - INFO - ✓ Рабочий поток: Pluto TV Cult Films
2026-05-18 05:51:03,888 - INFO - ✓ Рабочий поток: Pluto TV Cult Films
2026-05-18 05:51:03,946 - INFO - ✓ Рабочий поток: Pluto TV Ficção Científica
2026-05-18 05:51:04,067 - INFO - ✓ Рабочий поток: Pluto TV Drama
2026-05-18 05:51:04,098 - INFO - ✓ Рабочий поток: Pluto TV Filmes Nacionais
2026-05-18 05:51:04,157 - INFO - ✓ Рабочий поток: Pluto TV Filmes Ação
2026-05-18 05:51:04,201 - INFO - ✓ Рабочий поток: Pluto TV Horror
2026-05-18 05:51:04,208 - INFO - ✓ Рабочий поток: Pluto TV Horror
2026-05-18 05:51:04,529 - INFO - ✓ Рабочий поток: Pluto TV Horror
2026-05-18 05:51:04,543 - INFO - ✓ Рабочий поток: Pluto TV Drama
2026-05-18 05:51:04,673 - INFO - ✓ Рабочий поток: Pluto TV Horror
2026-05-18 05:51:04,682 - INFO - ✓ Рабочий поток: Pluto TV Horror
2026-05-18 05:51:04,735 - INFO - ✓ Рабочий поток: Pluto TV Terror
2026-05-18 05:51:04,829 - INFO - ✓ Рабочий поток: Pluto TV Kultfilme
2026-05-18 05:51:04,840 - INFO - ✓ Рабочий поток: Pluto TV Horror
2026-05-18 05:51:04,875 - INFO - ✓ Рабочий поток: Pluto TV Movies
2026-05-18 05:51:04,980 - INFO - ✓ Рабочий поток: Pluto TV Movies
2026-05-18 05:51:05,035 - INFO - ✓ Рабочий поток: Pluto TV Romance
2026-05-18 05:51:05,038 - INFO - ✓ Рабочий поток: Pravah Picture HD (1080p)
2026-05-18 05:51:05,103 - INFO - ✓ Рабочий поток: Pluto TV Spotlight
2026-05-18 05:51:05,160 - INFO - ✓ Рабочий поток: Pluto TV Staff Picks
2026-05-18 05:51:05,220 - INFO - ✓ Рабочий поток: Pluto TV Reaction
2026-05-18 05:51:05,256 - INFO - ✓ Рабочий поток: Pluto TV Westerns
2026-05-18 05:51:05,490 - INFO - ✓ Рабочий поток: Pluto TV Thrillers
2026-05-18 05:51:05,502 - INFO - ✓ Рабочий поток: Rai Movie (576p) [Geo-blocked]
2026-05-18 05:51:05,620 - INFO - ✓ Рабочий поток: Pluto TV Westerns
2026-05-18 05:51:05,858 - INFO - ✓ Рабочий поток: Pluto TV Thrillers
2026-05-18 05:51:09,850 - INFO - ✓ Рабочий поток: Romedy Now (576p)
2026-05-18 05:51:09,920 - INFO - ✓ Рабочий поток: Roja Movies (1080p)
2026-05-18 05:51:10,603 - INFO - ✓ Рабочий поток: Runtime Espanol (720p)
2026-05-18 05:51:10,880 - INFO - ✓ Рабочий поток: Rotana Cinema Egypt (1080p) [Geo-blocked]
2026-05-18 05:51:10,886 - INFO - ✓ Рабочий поток: Rotana Cinema KSA (1080p) [Geo-blocked]
2026-05-18 05:51:10,988 - INFO - ✓ Рабочий поток: Shubh Cinema TV (720p)
2026-05-18 05:51:11,061 - INFO - ✓ Рабочий поток: Sony Max 2 (576p)
2026-05-18 05:51:11,063 - INFO - ✓ Рабочий поток: Shemaroo Josh (720p)
2026-05-18 05:51:11,581 - INFO - ✓ Рабочий поток: SL 1
2026-05-18 05:51:11,598 - INFO - ✓ Рабочий поток: SL 2
2026-05-18 05:51:11,729 - INFO - ✓ Рабочий поток: Star Gold 2 (576p)
2026-05-18 05:51:11,768 - INFO - ✓ Рабочий поток: Star Gold HD (1080p)
2026-05-18 05:51:11,785 - INFO - ✓ Рабочий поток: Star Gold Romance (576p)
2026-05-18 05:51:11,791 - INFO - ✓ Рабочий поток: Star Gold Select HD (1080p)
2026-05-18 05:51:11,868 - INFO - ✓ Рабочий поток: Squirrel (1080p)
2026-05-18 05:51:11,927 - INFO - ✓ Рабочий поток: Star Gold Thrills (576p)
2026-05-18 05:51:11,968 - INFO - ✓ Рабочий поток: Star Movies Select HD (1080p)
2026-05-18 05:51:11,969 - INFO - ✓ Рабочий поток: Star Movies HD (1080p)
2026-05-18 05:51:11,970 - INFO - ✓ Рабочий поток: Studio One + (720p)
2026-05-18 05:51:12,033 - INFO - ✓ Рабочий поток: Star Utsav Movies (576p)
2026-05-18 05:51:12,084 - INFO - ✓ Рабочий поток: Suriyan TV (576p)
2026-05-18 05:51:12,566 - INFO - ✓ Рабочий поток: T2 Movies
2026-05-18 05:51:12,705 - INFO - ✓ Рабочий поток: The Film Detective (720p)
2026-05-18 05:51:12,994 - INFO - ✓ Рабочий поток: Tolly TV (1080p)
2026-05-18 05:51:13,513 - INFO - ✓ Рабочий поток: Thalaa TV (1080p)
2026-05-18 05:51:13,659 - INFO - ✓ Рабочий поток: TV Land Drama
2026-05-18 05:51:13,788 - INFO - ✓ Рабочий поток: TVS Drive In Movie (360p)
2026-05-18 05:51:13,835 - INFO - ✓ Рабочий поток: Vijay Super HD (1080p)
2026-05-18 05:51:13,846 - INFO - ✓ Рабочий поток: TVCARiB Cinema (720p) [Not 24/7]
2026-05-18 05:51:13,890 - INFO - ✓ Рабочий поток: WOWOW Cinema (544p)
2026-05-18 05:51:13,999 - INFO - ✓ Рабочий поток: Veo7 (1080p)
2026-05-18 05:51:14,156 - INFO - ✓ Рабочий поток: USA Network East (1080p) [Not 24/7]
2026-05-18 05:51:14,358 - INFO - ✓ Рабочий поток: ZB Cinema (720p)
2026-05-18 05:51:14,451 - INFO - ✓ Рабочий поток: Zee Bollywood (576p)
2026-05-18 05:51:14,647 - INFO - ✓ Рабочий поток: Zee Thirai HD (1080p)
2026-05-18 05:51:14,767 - INFO - ✓ Рабочий поток: Wu Tang Collection (720p)
2026-05-18 05:51:14,820 - INFO - ✓ Рабочий поток: Xtrema Cine Clasico
2026-05-18 05:51:14,826 - INFO - ✓ Рабочий поток: Xtrema Accion
2026-05-18 05:51:14,857 - INFO - ✓ Рабочий поток: Xtrema Terror
2026-05-18 05:51:15,301 - INFO - ✓ Рабочий поток: Zylo ScreamIN (1080p)
2026-05-18 05:51:15,338 - INFO - ✓ Рабочий поток: Zylo Emotion' L (1080p)
2026-05-18 05:51:15,342 - INFO - ✓ Рабочий поток: Zylo Ciné Nanar (1080p)
2026-05-18 05:51:15,408 - INFO - ✓ Рабочий поток: Tamasha
2026-05-18 05:51:15,477 - INFO - ✓ Рабочий поток: Zylo Ciné Western (1080p)
2026-05-18 05:51:35,855 - INFO - ==================================================
2026-05-18 05:51:35,855 - INFO - Запуск поискового робота LiveM3U
2026-05-18 05:51:35,855 - INFO - ==================================================
2026-05-18 05:51:35,855 - INFO - Загружаю плейлист от iptv-org...
2026-05-18 05:51:36,178 - INFO - Загружено 423 каналов из iptv-org
2026-05-18 05:51:36,178 - INFO - Проверяю дополнительный источник: https://iptv-org.github.io/iptv/countries/ru.m3u
2026-05-18 05:51:36,479 - INFO - Проверяю дополнительный источник: https://iptv-org.github.io/iptv/categories/news.m3u
2026-05-18 05:51:36,680 - INFO - Проверяю дополнительный источник: https://iptv-org.github.io/iptv/categories/movies.m3u
2026-05-18 05:51:36,776 - INFO - Найдено дополнительно 1282 каналов
2026-05-18 05:51:36,777 - INFO - Всего найдено уникальных потоков: 1705
2026-05-18 05:51:36,777 - INFO - Проверяю работоспособность потоков (10 одновременных проверок)...
2026-05-18 05:51:37,279 - INFO - ✓ Рабочий поток: 312 ТВ (406p)
2026-05-18 05:51:37,284 - INFO - ✓ Рабочий поток: 312 Кино (406p)
2026-05-18 05:51:37,300 - INFO - ✓ Рабочий поток: 7TV (576p)
2026-05-18 05:51:37,323 - INFO - ✓ Рабочий поток: 360° Новости (1080p)
2026-05-18 05:51:37,548 - INFO - ✓ Рабочий поток: 15+ Music (1080p)
2026-05-18 05:51:37,802 - INFO - ✓ Рабочий поток: alpha Moretime (1080p)
2026-05-18 05:51:37,810 - INFO - ✓ Рабочий поток: 365 Дней (576p)
2026-05-18 05:51:37,859 - INFO - ✓ Рабочий поток: 2x2 (576i)
2026-05-18 05:51:38,075 - INFO - ✓ Рабочий поток: Amedia 1 (576p)
2026-05-18 05:51:38,077 - INFO - ✓ Рабочий поток: Amedia 2 (576p)
2026-05-18 05:51:38,088 - INFO - ✓ Рабочий поток: alpha Cinema (1080p)
2026-05-18 05:51:38,118 - INFO - ✓ Рабочий поток: 12 канал (1080p)
2026-05-18 05:51:38,223 - INFO - ✓ Рабочий поток: Angel TV Russian (720p)
2026-05-18 05:51:38,271 - INFO - ✓ Рабочий поток: 360° (1080p)
2026-05-18 05:51:38,343 - INFO - ✓ Рабочий поток: Ani (576p)
2026-05-18 05:51:38,375 - INFO - ✓ Рабочий поток: Amedia Hit (720p)
2026-05-18 05:51:38,589 - INFO - ✓ Рабочий поток: Bollywood HD Russia (576p)
2026-05-18 05:51:38,635 - INFO - ✓ Рабочий поток: BRIDGE (576p)
2026-05-18 05:51:38,742 - INFO - ✓ Рабочий поток: BRIDGE Classic (576p)
2026-05-18 05:51:38,894 - INFO - ✓ Рабочий поток: BRIDGE Hits (576p)
2026-05-18 05:51:38,921 - INFO - ✓ Рабочий поток: CGTN Русский (1080p)
2026-05-18 05:51:39,000 - INFO - ✓ Рабочий поток: ARTN TV (1080p) [Not 24/7]
2026-05-18 05:51:39,007 - INFO - ✓ Рабочий поток: Carousel (1080p)
2026-05-18 05:51:39,189 - INFO - ✓ Рабочий поток: Channel 5 International (576i)
2026-05-18 05:51:39,760 - INFO - ✓ Рабочий поток: Channel 10 (576i)
2026-05-18 05:51:39,895 - INFO - ✓ Рабочий поток: Cinema
2026-05-18 05:51:40,848 - INFO - ✓ Рабочий поток: DanceHits80
2026-05-18 05:51:41,427 - INFO - ✓ Рабочий поток: Dasturxon TV (576p)
2026-05-18 05:51:47,992 - INFO - ✓ Рабочий поток: Drive (576i)
2026-05-18 05:51:49,243 - INFO - ✓ Рабочий поток: DW Russian (1080p)
2026-05-18 05:51:49,556 - INFO - ✓ Рабочий поток: ETV+ (720p)
2026-05-18 05:51:52,084 - INFO - Проверено 50/50, рабочих: 31
2026-05-18 05:51:52,085 - INFO - ✓ Проверка завершена. Рабочих: 31/50
2026-05-18 05:51:52,085 - INFO - Плейлист сохранён: /workspace/data/playlist.m3u (31 каналов)
