[2026-05-18 06:03:05] 🚀 Запуск ПОИСКОВОГО РОБОТА LiveM3U...
[2026-05-18 06:03:05] ⚠️ НЕ используем iptv-org или другие готовые списки!
[2026-05-18 06:03:05] 📡 Сканирование паттернов российских провайдеров...
[2026-05-18 06:03:05] 🔍 Поиск через анализ популярных IPTV паттернов провайдеров РФ...
[2026-05-18 06:03:18] ℹ️ IP диапазоны не указаны. Используйте --ip-ranges для сканирования.
[2026-05-18 06:03:18] ✅ Найдено потоков: 0
[2026-05-18 06:03:18] 💾 Сохранено 0 потоков
[2026-05-18 06:03:18] 📺 Плейлист сохранён: /workspace/data/playlist.m3u
[2026-05-18 06:03:18] 🎉 Сканирование завершено! Рабочих каналов: 0
[2026-05-18 06:13:44] 🚀 Запуск ПОИСКОВОГО РОБОТА LiveM3U...
[2026-05-18 06:13:44] ⚠️ НЕ используем iptv-org или другие готовые списки!
[2026-05-18 06:13:44] 📂 Загружено 0 ранее найденных потоков
[2026-05-18 06:13:44] 📡 Сканирование паттернов российских провайдеров...
[2026-05-18 06:13:44] 🔍 Поиск через анализ популярных IPTV паттернов провайдеров РФ...
[2026-05-18 06:13:55] ℹ️ IP диапазоны не указаны. Используйте --ip-ranges для сканирования.
[2026-05-18 06:13:55] ✅ Найдено потоков: 0
[2026-05-18 06:13:55] 💾 Сохранено 0 потоков
[2026-05-18 06:13:55] 📺 Плейлист сохранён: /workspace/data/playlist.m3u
[2026-05-18 06:13:55] 🎉 Сканирование завершено! Рабочих каналов: 0
[2026-05-18 06:15:21] 🚀 Запуск ПОИСКОВОГО РОБОТА LiveM3U...
[2026-05-18 06:15:21] ⚠️ НЕ используем iptv-org или другие готовые списки!
[2026-05-18 06:15:21] 📂 Загружено 0 ранее найденных потоков
[2026-05-18 06:15:21] 📡 Сканирование паттернов российских провайдеров...
[2026-05-18 06:15:21] 🔍 Поиск через анализ популярных IPTV паттернов провайдеров РФ...
[2026-05-18 06:15:32] ℹ️ IP диапазоны не указаны. Используйте --ip-ranges для сканирования.
[2026-05-18 06:15:32] ✅ Найдено потоков: 0
[2026-05-18 06:15:32] 💾 Сохранено 0 потоков
[2026-05-18 06:15:32] 📺 Плейлист сохранён: /workspace/data/playlist.m3u
[2026-05-18 06:15:32] 🎉 Сканирование завершено! Рабочих каналов: 0
[2026-05-18 06:15:36] 🚀 Запуск ПОИСКОВОГО РОБОТА LiveM3U...
[2026-05-18 06:15:36] ⚠️ НЕ используем iptv-org или другие готовые списки!
[2026-05-18 06:15:36] 📡 Сканирование паттернов российских провайдеров...
[2026-05-18 06:15:36] 🔍 Поиск через анализ популярных IPTV паттернов провайдеров РФ...
[2026-05-18 06:15:47] ℹ️ IP диапазоны не указаны. Используйте --ip-ranges для сканирования.
[2026-05-18 06:15:47] ✅ Найдено потоков: 0
[2026-05-18 06:15:47] 💾 Сохранено 0 потоков
[2026-05-18 06:15:47] 📺 Плейлист сохранён: /workspace/data/playlist.m3u
[2026-05-18 06:15:47] 🎉 Сканирование завершено! Рабочих каналов: 0
[2026-05-18 06:17:17] 🚀 Запуск ПОИСКОВОГО РОБОТА LiveM3U...
[2026-05-18 06:17:17] ⚠️ НЕ используем iptv-org или другие готовые списки!
[2026-05-18 06:17:17] 📡 Сканирование паттернов российских провайдеров...
[2026-05-18 06:17:17] 🔍 Поиск через анализ популярных IPTV паттернов провайдеров РФ...
[2026-05-18 06:17:29] ℹ️ IP диапазоны не указаны. Используйте --ip-ranges для сканирования.
[2026-05-18 06:17:29] ✅ Найдено потоков: 0
[2026-05-18 06:17:29] 💾 Сохранено 0 потоков
[2026-05-18 06:17:29] 📺 Плейлист сохранён: /workspace/data/playlist.m3u
[2026-05-18 06:17:29] 🎉 Сканирование завершено! Рабочих каналов: 0
[2026-05-18 06:18:05] 🚀 Запуск ПОИСКОВОГО РОБОТА LiveM3U...
[2026-05-18 06:18:05] ⚠️ НЕ используем iptv-org или другие готовые списки!
[2026-05-18 06:18:05] 📡 Сканирование паттернов российских провайдеров...
[2026-05-18 06:18:05] 🔍 Поиск через анализ популярных IPTV паттернов провайдеров РФ...
[2026-05-18 06:18:17] ℹ️ IP диапазоны не указаны. Используйте --ip-ranges для сканирования.
[2026-05-18 06:18:17] ✅ Найдено потоков: 0
[2026-05-18 06:18:17] 💾 Сохранено 0 потоков
[2026-05-18 06:18:17] 📺 Плейлист сохранён: /workspace/data/playlist.m3u
[2026-05-18 06:18:17] 🎉 Сканирование завершено! Рабочих каналов: 0
[2026-05-18 06:19:47] 🚀 Запуск ПОИСКОВОГО РОБОТА LiveM3U...
[2026-05-18 06:19:47] ⚠️ НЕ используем iptv-org или другие готовые списки!
[2026-05-18 06:19:47] 🔄 Режим: добавление новых каналов каждые 30 минут
[2026-05-18 06:19:47] 🌐 Сканирование публичных IPTV плейлистов...
[2026-05-18 06:19:47] 🌐 Сканирование публичных IPTV плейлистов...
[2026-05-18 06:19:47] 📄 Извлечено 187 каналов из https://raw.githubusercontent.com/iptv-org/iptv/master/streams/ru.m3u
[2026-05-18 06:19:47] 📄 Извлечено 1888 каналов из https://raw.githubusercontent.com/free-TV/iptv/master/playlist.m3u8
[2026-05-18 06:19:47] 🔍 Поиск новых плейлистов на GitHub...
[2026-05-18 06:19:47] 🔍 Поиск новых плейлистов на GitHub...
[2026-05-18 06:19:52] 📡 Сканирование паттернов российских провайдеров...
[2026-05-18 06:19:52] 🔍 Поиск через анализ популярных IPTV паттернов провайдеров РФ...
[2026-05-18 06:19:52] ✅ Найдено потоков: 738
[2026-05-18 06:19:52] 🆕 Добавлено новых каналов за сессию: 738
[2026-05-18 06:19:52] 💾 Сохранено 738 потоков
[2026-05-18 06:19:52] 📺 Плейлист сохранён: /workspace/data/playlist.m3u
[2026-05-18 06:19:52] 🎉 Сканирование завершено! Рабочих каналов: 738
[2026-05-18 06:20:13] 🚀 Запуск ПОИСКОВОГО РОБОТА LiveM3U...
[2026-05-18 06:20:13] ⚠️ НЕ используем iptv-org или другие готовые списки!
[2026-05-18 06:20:13] 🔄 Режим: добавление новых каналов каждые 30 минут
[2026-05-18 06:20:13] 📚 Загружена история 738 каналов
[2026-05-18 06:20:13] 📂 Загружено 738 ранее найденных потоков
[2026-05-18 06:20:13] 🌐 Сканирование публичных IPTV плейлистов...
[2026-05-18 06:20:13] 🌐 Сканирование публичных IPTV плейлистов...
[2026-05-18 06:20:13] 📄 Извлечено 187 каналов из https://raw.githubusercontent.com/iptv-org/iptv/master/streams/ru.m3u
[2026-05-18 06:20:13] 📄 Извлечено 1888 каналов из https://raw.githubusercontent.com/free-TV/iptv/master/playlist.m3u8
[2026-05-18 06:20:13] 🔍 Поиск новых плейлистов на GitHub...
[2026-05-18 06:20:13] 🔍 Поиск новых плейлистов на GitHub...
[2026-05-18 06:20:17] 📡 Сканирование паттернов российских провайдеров...
[2026-05-18 06:20:17] 🔍 Поиск через анализ популярных IPTV паттернов провайдеров РФ...
[2026-05-18 06:20:17] ✅ Найдено потоков: 738
[2026-05-18 06:20:17] 🆕 Добавлено новых каналов за сессию: 0
[2026-05-18 06:20:17] 💾 Сохранено 738 потоков
[2026-05-18 06:20:17] 📺 Плейлист сохранён: /workspace/data/playlist.m3u
[2026-05-18 06:20:17] 🎉 Сканирование завершено! Рабочих каналов: 738
[2026-05-18 06:20:17] 😴 Сон до 06:50:17 (интервал 30 мин)
[2026-05-18 06:38:04] 🚀 Запуск ПОИСКОВОГО РОБОТА LiveM3U...
[2026-05-18 06:38:04] 🌐 Поиск по всему интернету (не только GitHub)!
[2026-05-18 06:38:04] 🔄 Режим: добавление новых каналов каждые 30 минут
[2026-05-18 06:38:04] 📂 Загружено 738 ранее найденных потоков
[2026-05-18 06:38:04] 🌐 Сканирование публичных IPTV плейлистов...
[2026-05-18 06:38:04] 🌐 Сканирование публичных IPTV плейлистов...
[2026-05-18 06:38:04] 📄 Извлечено 1888 каналов из https://raw.githubusercontent.com/free-TV/iptv/master/playlist.m3u8
[2026-05-18 06:38:04] 🔍 Поиск по всему интернету (Google, Яндекс)...
[2026-05-18 06:38:04] 🌐 Поиск по всему интернету (поисковые системы, сайты, форумы)...
[2026-05-18 06:38:04] 📄 Найдено 0 потенциальных потоков в результатах поиска
[2026-05-18 06:38:05] 📄 Найдено 0 потенциальных потоков в результатах поиска
[2026-05-18 06:38:05] 📄 Найдено 0 потенциальных потоков в результатах поиска
[2026-05-18 06:38:05] 📄 Найдено 0 потенциальных потоков в результатах поиска
[2026-05-18 06:38:05] 📄 Найдено 0 потенциальных потоков в результатах поиска
[2026-05-18 06:38:05] 📄 Найдено 0 потенциальных потоков в результатах поиска
[2026-05-18 06:38:05] 📄 Найдено 0 потенциальных потоков в результатах поиска
[2026-05-18 06:38:05] 📄 Найдено 0 потенциальных потоков в результатах поиска
[2026-05-18 06:38:05] 📺 Поиск независимых телеканалов...
[2026-05-18 06:38:05] 🔍 Поиск независимых телеканалов (Дождь, иноагенты)...
[2026-05-18 06:38:05] 🔍 Поиск на GitHub (через веб-поиск)...
[2026-05-18 06:38:05] 🔍 Поиск новых плейлистов на GitHub (через веб-поиск)...
[2026-05-18 06:38:15] 📡 Сканирование паттернов российских провайдеров...
[2026-05-18 06:38:15] 🔍 Поиск через анализ популярных IPTV паттернов провайдеров РФ...
[2026-05-18 06:38:15] ✅ Найдено потоков: 742
[2026-05-18 06:38:15] 🆕 Добавлено новых каналов за сессию: 4
[2026-05-18 06:38:15] 💾 Сохранено 742 потоков
[2026-05-18 06:38:15] 📺 Плейлист сохранён: /workspace/data/playlist.m3u
[2026-05-18 06:38:15] 🎉 Сканирование завершено! Рабочих каналов: 742
[2026-05-18 06:51:52] 🚀 Запуск ПОИСКОВОГО РОБОТА LiveM3U...
[2026-05-18 06:51:52] 🌐 Поиск по всему интернету (не только GitHub)!
[2026-05-18 06:51:52] 🔄 Режим: добавление новых каналов каждые 30 минут
[2026-05-18 06:51:52] 📚 Загружена история 4 каналов
[2026-05-18 06:51:52] 📂 Загружено 742 ранее найденных потоков
[2026-05-18 06:51:52] 🌐 Сканирование публичных IPTV плейлистов...
[2026-05-18 06:51:52] 🌐 Сканирование публичных IPTV плейлистов...
[2026-05-18 06:51:52] 📄 Извлечено 1888 каналов из https://raw.githubusercontent.com/free-TV/iptv/master/playlist.m3u8
[2026-05-18 06:51:53] 🔍 Поиск по всему интернету (Google, Яндекс)...
[2026-05-18 06:51:53] 🌐 Поиск по всему интернету (поисковые системы, сайты, форумы)...
[2026-05-18 06:51:53] 📄 Найдено 0 потенциальных потоков в результатах поиска
[2026-05-18 06:51:53] 📄 Найдено 0 потенциальных потоков в результатах поиска
[2026-05-18 06:51:53] 📄 Найдено 0 потенциальных потоков в результатах поиска
[2026-05-18 06:51:53] 📄 Найдено 0 потенциальных потоков в результатах поиска
[2026-05-18 06:51:53] 📄 Найдено 0 потенциальных потоков в результатах поиска
[2026-05-18 06:51:53] 📄 Найдено 0 потенциальных потоков в результатах поиска
[2026-05-18 06:51:53] 📄 Найдено 0 потенциальных потоков в результатах поиска
[2026-05-18 06:51:53] 📄 Найдено 0 потенциальных потоков в результатах поиска
[2026-05-18 06:51:53] 📺 Поиск независимых телеканалов...
[2026-05-18 06:51:53] 🔍 Поиск независимых телеканалов (Дождь, иноагенты)...
[2026-05-18 06:51:53] 🔍 Поиск на GitHub (через веб-поиск)...
[2026-05-18 06:51:53] 🔍 Поиск новых плейлистов на GitHub (через веб-поиск)...
[2026-05-18 06:52:03] 📡 Сканирование паттернов российских провайдеров...
[2026-05-18 06:52:03] 🔍 Поиск через анализ популярных IPTV паттернов провайдеров РФ...
[2026-05-18 06:52:03] ✅ Найдено потоков: 742
[2026-05-18 06:52:03] 🆕 Добавлено новых каналов за сессию: 0
[2026-05-18 06:52:03] 💾 Сохранено 742 потоков
[2026-05-18 06:52:03] 📺 Плейлист сохранён: /workspace/data/playlist.m3u
[2026-05-18 06:52:03] 🎉 Сканирование завершено! Рабочих каналов: 742
[2026-05-18 07:52:49] 🚀 Запуск ПОИСКОВОГО РОБОТА LiveM3U...
[2026-05-18 07:52:49] 🌐 Поиск по всему интернету (не только GitHub)!
[2026-05-18 07:52:49] 🔄 Режим: добавление новых каналов каждые 30 минут
[2026-05-18 07:52:49] 📚 Загружена история 4 каналов
[2026-05-18 07:52:49] 📂 Загружено 742 ранее найденных потоков
[2026-05-18 07:52:49] 🌐 Сканирование публичных IPTV плейлистов...
[2026-05-18 07:52:49] 🌐 Сканирование публичных IPTV плейлистов...
[2026-05-18 07:52:50] 📄 Извлечено 1888 каналов из https://raw.githubusercontent.com/free-TV/iptv/master/playlist.m3u8
[2026-05-18 07:52:50] 📄 Извлечено 2501 каналов из https://raw.githubusercontent.com/CrocoUser/zabava-project/refs/heads/main/zabava-full.m3u
[2026-05-18 07:52:50] 🔍 Поиск по всему интернету (Google, Яндекс)...
[2026-05-18 07:52:50] 🌐 Поиск по всему интернету (поисковые системы, сайты, форумы)...
[2026-05-18 07:52:50] 📄 Найдено 0 потенциальных потоков в результатах поиска
[2026-05-18 07:52:50] 📄 Найдено 0 потенциальных потоков в результатах поиска
[2026-05-18 07:52:50] 📄 Найдено 0 потенциальных потоков в результатах поиска
[2026-05-18 07:52:50] 📄 Найдено 0 потенциальных потоков в результатах поиска
[2026-05-18 07:52:51] 📄 Найдено 0 потенциальных потоков в результатах поиска
[2026-05-18 07:52:51] 📄 Найдено 0 потенциальных потоков в результатах поиска
[2026-05-18 07:52:51] 📄 Найдено 0 потенциальных потоков в результатах поиска
[2026-05-18 07:52:51] 📄 Найдено 0 потенциальных потоков в результатах поиска
[2026-05-18 07:52:51] 📄 Найдено 0 потенциальных потоков в результатах поиска
[2026-05-18 07:52:51] 📄 Найдено 0 потенциальных потоков в результатах поиска
[2026-05-18 07:52:51] 📄 Найдено 0 потенциальных потоков в результатах поиска
[2026-05-18 07:52:51] 📄 Найдено 0 потенциальных потоков в результатах поиска
[2026-05-18 07:52:51] 📄 Найдено 0 потенциальных потоков в результатах поиска
[2026-05-18 07:52:51] 📄 Найдено 0 потенциальных потоков в результатах поиска
[2026-05-18 07:52:51] 📄 Найдено 0 потенциальных потоков в результатах поиска
[2026-05-18 07:52:51] 📄 Найдено 0 потенциальных потоков в результатах поиска
[2026-05-18 07:52:51] 📄 Найдено 0 потенциальных потоков в результатах поиска
[2026-05-18 07:52:51] 📄 Найдено 0 потенциальных потоков в результатах поиска
[2026-05-18 07:52:51] 📄 Найдено 0 потенциальных потоков в результатах поиска
[2026-05-18 07:52:51] 📄 Найдено 0 потенциальных потоков в результатах поиска
[2026-05-18 07:52:51] 📄 Найдено 0 потенциальных потоков в результатах поиска
[2026-05-18 07:52:51] 📄 Найдено 0 потенциальных потоков в результатах поиска
[2026-05-18 07:52:51] 📄 Найдено 0 потенциальных потоков в результатах поиска
[2026-05-18 07:52:51] 📄 Найдено 0 потенциальных потоков в результатах поиска
[2026-05-18 07:52:51] 📄 Найдено 0 потенциальных потоков в результатах поиска
[2026-05-18 07:52:51] 📄 Найдено 0 потенциальных потоков в результатах поиска
[2026-05-18 07:52:51] 📄 Найдено 0 потенциальных потоков в результатах поиска
[2026-05-18 07:52:51] 📄 Найдено 0 потенциальных потоков в результатах поиска
[2026-05-18 07:52:51] 📄 Найдено 0 потенциальных потоков в результатах поиска
[2026-05-18 07:52:51] 📄 Найдено 0 потенциальных потоков в результатах поиска
[2026-05-18 07:52:51] 📄 Найдено 0 потенциальных потоков в результатах поиска
[2026-05-18 07:52:51] 📄 Найдено 0 потенциальных потоков в результатах поиска
[2026-05-18 07:52:51] 📄 Найдено 0 потенциальных потоков в результатах поиска
[2026-05-18 07:52:51] 📄 Найдено 0 потенциальных потоков в результатах поиска
[2026-05-18 07:52:51] 📄 Найдено 0 потенциальных потоков в результатах поиска
[2026-05-18 07:52:51] 📄 Найдено 0 потенциальных потоков в результатах поиска
[2026-05-18 07:52:51] 📄 Найдено 0 потенциальных потоков в результатах поиска
[2026-05-18 07:52:51] 📄 Найдено 0 потенциальных потоков в результатах поиска
[2026-05-18 07:52:51] 📄 Найдено 0 потенциальных потоков в результатах поиска
[2026-05-18 07:52:51] 📄 Найдено 0 потенциальных потоков в результатах поиска
[2026-05-18 07:52:51] 📄 Найдено 0 потенциальных потоков в результатах поиска
[2026-05-18 07:52:51] 📄 Найдено 0 потенциальных потоков в результатах поиска
[2026-05-18 07:52:51] 📺 Поиск независимых телеканалов...
[2026-05-18 07:52:51] 🔍 Поиск независимых телеканалов (Дождь, иноагенты)...
[2026-05-18 07:52:51] 🔍 Поиск на GitHub (через веб-поиск)...
[2026-05-18 07:52:51] 🔍 Поиск новых плейлистов на GitHub (через веб-поиск)...
[2026-05-18 07:53:01] 📡 Сканирование паттернов российских провайдеров...
[2026-05-18 07:53:01] 🔍 Поиск через анализ популярных IPTV паттернов провайдеров РФ...
[2026-05-18 07:53:02] ✅ Найдено потоков: 6170
[2026-05-18 07:53:02] 🆕 Добавлено новых каналов за сессию: 5428
[2026-05-18 07:53:02] 💾 Сохранено 6170 потоков
[2026-05-18 07:53:02] 📺 Плейлист сохранён: /workspace/data/playlist.m3u
[2026-05-18 07:53:02] 🎉 Сканирование завершено! Рабочих каналов: 6170
[2026-05-18 08:12:18] 🚀 Запуск ПОИСКОВОГО РОБОТА LiveM3U...
[2026-05-18 08:12:18] 🌐 Поиск по всему интернету (не только GitHub)!
[2026-05-18 08:12:18] 🔄 Режим: добавление новых каналов каждые 30 минут
[2026-05-18 08:12:18] 📚 Загружена история 5432 каналов
[2026-05-18 08:12:18] 📂 Загружено 6170 ранее найденных потоков
[2026-05-18 08:12:18] 🌐 Сканирование публичных IPTV плейлистов...
[2026-05-18 08:12:18] 🌐 Сканирование публичных IPTV плейлистов...
[2026-05-18 08:12:19] 📄 Извлечено 2501 каналов из https://raw.githubusercontent.com/CrocoUser/zabava-project/refs/heads/main/zabava-full.m3u
[2026-05-18 08:12:19] 📄 Извлечено 1888 каналов из https://raw.githubusercontent.com/free-TV/iptv/master/playlist.m3u8
[2026-05-18 08:12:19] 🔍 Поиск по всему интернету (Google, Яндекс)...
[2026-05-18 08:12:19] 🌐 Поиск по всему интернету (поисковые системы, сайты, форумы)...
[2026-05-18 08:12:19] 📄 Найдено 0 потенциальных потоков в результатах поиска
[2026-05-18 08:12:19] 📄 Найдено 0 потенциальных потоков в результатах поиска
[2026-05-18 08:12:19] 📄 Найдено 0 потенциальных потоков в результатах поиска
[2026-05-18 08:12:19] 📄 Найдено 0 потенциальных потоков в результатах поиска
[2026-05-18 08:12:19] 📄 Найдено 0 потенциальных потоков в результатах поиска
[2026-05-18 08:12:19] 📄 Найдено 0 потенциальных потоков в результатах поиска
[2026-05-18 08:12:19] 📄 Найдено 0 потенциальных потоков в результатах поиска
[2026-05-18 08:12:19] 📄 Найдено 0 потенциальных потоков в результатах поиска
[2026-05-18 08:12:19] 📄 Найдено 0 потенциальных потоков в результатах поиска
[2026-05-18 08:12:19] 📄 Найдено 0 потенциальных потоков в результатах поиска
[2026-05-18 08:12:19] 📄 Найдено 0 потенциальных потоков в результатах поиска
[2026-05-18 08:12:19] 📄 Найдено 0 потенциальных потоков в результатах поиска
[2026-05-18 08:12:20] 📄 Найдено 0 потенциальных потоков в результатах поиска
[2026-05-18 08:12:20] 📄 Найдено 0 потенциальных потоков в результатах поиска
[2026-05-18 08:12:20] 📄 Найдено 0 потенциальных потоков в результатах поиска
[2026-05-18 08:12:20] 📄 Найдено 0 потенциальных потоков в результатах поиска
[2026-05-18 08:12:20] 📄 Найдено 0 потенциальных потоков в результатах поиска
[2026-05-18 08:12:20] 📄 Найдено 0 потенциальных потоков в результатах поиска
[2026-05-18 08:12:20] 📄 Найдено 0 потенциальных потоков в результатах поиска
[2026-05-18 08:12:20] 📄 Найдено 0 потенциальных потоков в результатах поиска
[2026-05-18 08:12:20] 📄 Найдено 0 потенциальных потоков в результатах поиска
[2026-05-18 08:12:20] 📄 Найдено 0 потенциальных потоков в результатах поиска
[2026-05-18 08:12:20] 📄 Найдено 0 потенциальных потоков в результатах поиска
[2026-05-18 08:12:20] 📄 Найдено 0 потенциальных потоков в результатах поиска
[2026-05-18 08:12:20] 📄 Найдено 0 потенциальных потоков в результатах поиска
[2026-05-18 08:12:20] 📄 Найдено 0 потенциальных потоков в результатах поиска
[2026-05-18 08:12:20] 📄 Найдено 0 потенциальных потоков в результатах поиска
[2026-05-18 08:12:20] 📄 Найдено 0 потенциальных потоков в результатах поиска
[2026-05-18 08:12:20] 📄 Найдено 0 потенциальных потоков в результатах поиска
[2026-05-18 08:12:20] 📄 Найдено 0 потенциальных потоков в результатах поиска
[2026-05-18 08:12:20] 📄 Найдено 0 потенциальных потоков в результатах поиска
[2026-05-18 08:12:20] 📄 Найдено 0 потенциальных потоков в результатах поиска
[2026-05-18 08:12:20] 📄 Найдено 0 потенциальных потоков в результатах поиска
[2026-05-18 08:12:20] 📄 Найдено 0 потенциальных потоков в результатах поиска
[2026-05-18 08:12:20] 📄 Найдено 0 потенциальных потоков в результатах поиска
[2026-05-18 08:12:20] 📄 Найдено 0 потенциальных потоков в результатах поиска
[2026-05-18 08:12:20] 📄 Найдено 0 потенциальных потоков в результатах поиска
[2026-05-18 08:12:20] 📄 Найдено 0 потенциальных потоков в результатах поиска
[2026-05-18 08:12:20] 📄 Найдено 0 потенциальных потоков в результатах поиска
[2026-05-18 08:12:20] 📄 Найдено 0 потенциальных потоков в результатах поиска
[2026-05-18 08:12:20] 📄 Найдено 0 потенциальных потоков в результатах поиска
[2026-05-18 08:12:20] 📄 Найдено 0 потенциальных потоков в результатах поиска
[2026-05-18 08:12:20] 📺 Поиск независимых телеканалов...
[2026-05-18 08:12:20] 🔍 Поиск независимых телеканалов (Дождь, RTVI, иноагенты)...
[2026-05-18 08:12:20] 🔍 Поиск на GitHub (через веб-поиск)...
[2026-05-18 08:12:20] 🔍 Поиск новых плейлистов на GitHub (через веб-поиск)...
[2026-05-18 08:12:31] 📡 Сканирование паттернов российских провайдеров...
[2026-05-18 08:12:31] 🔍 Поиск через анализ популярных IPTV паттернов провайдеров РФ...
[2026-05-18 08:12:31] ✅ Найдено потоков: 7509
[2026-05-18 08:12:31] 🆕 Добавлено новых каналов за сессию: 1339
[2026-05-18 08:12:31] 💾 Сохранено 7509 потоков
[2026-05-18 08:12:31] 📺 Плейлист сохранён: /workspace/data/playlist.m3u
[2026-05-18 08:12:31] 🎉 Сканирование завершено! Рабочих каналов: 7509
[2026-05-18 10:58:53] 🚀 Запуск ПОИСКОВОГО РОБОТА LiveM3U...
[2026-05-18 10:58:53] 🌐 Поиск по всему интернету (не только GitHub)!
[2026-05-18 10:58:53] 🔄 Режим: добавление новых каналов каждые 30 минут
[2026-05-18 10:58:53] 📚 Загружена история 6771 каналов
[2026-05-18 10:58:53] 📂 Загружено 7509 ранее найденных потоков
[2026-05-18 10:58:53] 🌐 Сканирование публичных IPTV плейлистов...
[2026-05-18 10:58:53] 🌐 Сканирование публичных IPTV плейлистов...
[2026-05-18 10:58:53] 📄 Извлечено 1888 каналов из https://raw.githubusercontent.com/free-TV/iptv/master/playlist.m3u8
[2026-05-18 10:58:54] 📄 Извлечено 2501 каналов из https://raw.githubusercontent.com/CrocoUser/zabava-project/refs/heads/main/zabava-full.m3u
[2026-05-18 10:58:54] 🔍 Поиск по всему интернету (Google, Яндекс)...
[2026-05-18 10:58:54] 🌐 Поиск по всему интернету (поисковые системы, сайты, форумы)...
[2026-05-18 10:58:54] 📄 Найдено 0 потенциальных потоков в результатах поиска
[2026-05-18 10:58:54] 📄 Найдено 0 потенциальных потоков в результатах поиска
[2026-05-18 10:58:54] 📄 Найдено 0 потенциальных потоков в результатах поиска
[2026-05-18 10:58:55] 📄 Найдено 0 потенциальных потоков в результатах поиска
[2026-05-18 10:58:55] 📄 Найдено 0 потенциальных потоков в результатах поиска
[2026-05-18 10:58:55] 📄 Найдено 0 потенциальных потоков в результатах поиска
[2026-05-18 10:58:55] 📄 Найдено 0 потенциальных потоков в результатах поиска
[2026-05-18 10:58:55] 📄 Найдено 0 потенциальных потоков в результатах поиска
[2026-05-18 10:58:55] 📄 Найдено 0 потенциальных потоков в результатах поиска
[2026-05-18 10:58:55] 📄 Найдено 0 потенциальных потоков в результатах поиска
[2026-05-18 10:58:55] 📄 Найдено 0 потенциальных потоков в результатах поиска
[2026-05-18 10:58:55] 📄 Найдено 0 потенциальных потоков в результатах поиска
[2026-05-18 10:58:55] 📄 Найдено 0 потенциальных потоков в результатах поиска
[2026-05-18 10:58:55] 📄 Найдено 0 потенциальных потоков в результатах поиска
[2026-05-18 10:58:55] 📄 Найдено 0 потенциальных потоков в результатах поиска
[2026-05-18 10:58:55] 📄 Найдено 0 потенциальных потоков в результатах поиска
[2026-05-18 10:58:55] 📄 Найдено 0 потенциальных потоков в результатах поиска
[2026-05-18 10:58:55] 📄 Найдено 0 потенциальных потоков в результатах поиска
[2026-05-18 10:58:55] 📄 Найдено 0 потенциальных потоков в результатах поиска
[2026-05-18 10:58:55] 📄 Найдено 0 потенциальных потоков в результатах поиска
[2026-05-18 10:58:55] 📄 Найдено 0 потенциальных потоков в результатах поиска
[2026-05-18 10:58:55] 📄 Найдено 0 потенциальных потоков в результатах поиска
[2026-05-18 10:58:55] 📄 Найдено 0 потенциальных потоков в результатах поиска
[2026-05-18 10:58:55] 📄 Найдено 0 потенциальных потоков в результатах поиска
[2026-05-18 10:58:55] 📄 Найдено 0 потенциальных потоков в результатах поиска
[2026-05-18 10:58:55] 📄 Найдено 0 потенциальных потоков в результатах поиска
[2026-05-18 10:58:55] 📄 Найдено 0 потенциальных потоков в результатах поиска
[2026-05-18 10:58:55] 📄 Найдено 0 потенциальных потоков в результатах поиска
[2026-05-18 10:58:55] 📄 Найдено 0 потенциальных потоков в результатах поиска
[2026-05-18 10:58:55] 📄 Найдено 0 потенциальных потоков в результатах поиска
[2026-05-18 10:58:55] 📄 Найдено 0 потенциальных потоков в результатах поиска
[2026-05-18 10:58:55] 📄 Найдено 0 потенциальных потоков в результатах поиска
[2026-05-18 10:58:55] 📄 Найдено 0 потенциальных потоков в результатах поиска
[2026-05-18 10:58:55] 📄 Найдено 0 потенциальных потоков в результатах поиска
[2026-05-18 10:58:55] 📄 Найдено 0 потенциальных потоков в результатах поиска
[2026-05-18 10:58:55] 📄 Найдено 0 потенциальных потоков в результатах поиска
[2026-05-18 10:58:55] 📄 Найдено 0 потенциальных потоков в результатах поиска
[2026-05-18 10:58:55] 📄 Найдено 0 потенциальных потоков в результатах поиска
[2026-05-18 10:58:55] 📄 Найдено 0 потенциальных потоков в результатах поиска
[2026-05-18 10:58:55] 📄 Найдено 0 потенциальных потоков в результатах поиска
[2026-05-18 10:58:55] 📄 Найдено 0 потенциальных потоков в результатах поиска
[2026-05-18 10:58:55] 📄 Найдено 0 потенциальных потоков в результатах поиска
[2026-05-18 10:58:55] 📺 Поиск независимых телеканалов...
[2026-05-18 10:58:55] 🔍 Поиск независимых телеканалов (Дождь, RTVI, иноагенты)...
[2026-05-18 10:58:55] 🔍 Поиск на GitHub (через веб-поиск)...
[2026-05-18 10:58:55] 🔍 Поиск новых плейлистов на GitHub (через веб-поиск)...
[2026-05-18 10:59:06] 📡 Сканирование паттернов российских провайдеров...
[2026-05-18 10:59:06] 🔍 Поиск через анализ популярных IPTV паттернов провайдеров РФ...
[2026-05-18 10:59:06] ✅ Найдено потоков: 7528
[2026-05-18 10:59:06] 🆕 Добавлено новых каналов за сессию: 19
[2026-05-18 10:59:06] 💾 Сохранено 7528 потоков
[2026-05-18 10:59:06] 📺 Плейлист сохранён: /workspace/data/playlist.m3u
[2026-05-18 10:59:06] 🎉 Сканирование завершено! Рабочих каналов: 7528
[2026-05-18 11:59:34] 🚀 Запуск ПОИСКОВОГО РОБОТА LiveM3U...
[2026-05-18 11:59:34] 🌐 Поиск по всему интернету (не только GitHub)!
[2026-05-18 11:59:34] 🔄 Режим: добавление новых каналов каждые 30 минут
[2026-05-18 11:59:34] 📚 Загружена история 6790 каналов
[2026-05-18 11:59:34] 📂 Загружено 7528 ранее найденных потоков
[2026-05-18 11:59:34] 🌐 Сканирование публичных IPTV плейлистов...
[2026-05-18 11:59:34] 🌐 Сканирование публичных IPTV плейлистов...
[2026-05-18 11:59:35] 📄 Извлечено 2501 каналов из https://raw.githubusercontent.com/CrocoUser/zabava-project/refs/heads/main/zabava-full.m3u
[2026-05-18 11:59:35] 📄 Извлечено 1888 каналов из https://raw.githubusercontent.com/free-TV/iptv/master/playlist.m3u8
[2026-05-18 11:59:35] 🔍 Поиск по всему интернету (Google, Яндекс)...
[2026-05-18 11:59:35] 🌐 Поиск по всему интернету (поисковые системы, сайты, форумы)...
[2026-05-18 11:59:35] 📄 Найдено 0 потенциальных потоков в результатах поиска
[2026-05-18 11:59:35] 📄 Найдено 0 потенциальных потоков в результатах поиска
[2026-05-18 11:59:35] 📄 Найдено 0 потенциальных потоков в результатах поиска
[2026-05-18 11:59:35] 📄 Найдено 0 потенциальных потоков в результатах поиска
[2026-05-18 11:59:35] 📄 Найдено 0 потенциальных потоков в результатах поиска
[2026-05-18 11:59:35] 📄 Найдено 0 потенциальных потоков в результатах поиска
[2026-05-18 11:59:35] 📄 Найдено 0 потенциальных потоков в результатах поиска
[2026-05-18 11:59:35] 📄 Найдено 0 потенциальных потоков в результатах поиска
[2026-05-18 11:59:35] 📄 Найдено 0 потенциальных потоков в результатах поиска
[2026-05-18 11:59:35] 📄 Найдено 0 потенциальных потоков в результатах поиска
[2026-05-18 11:59:35] 📄 Найдено 0 потенциальных потоков в результатах поиска
[2026-05-18 11:59:35] 📄 Найдено 0 потенциальных потоков в результатах поиска
[2026-05-18 11:59:35] 📄 Найдено 0 потенциальных потоков в результатах поиска
[2026-05-18 11:59:35] 📄 Найдено 0 потенциальных потоков в результатах поиска
[2026-05-18 11:59:35] 📄 Найдено 0 потенциальных потоков в результатах поиска
[2026-05-18 11:59:35] 📄 Найдено 0 потенциальных потоков в результатах поиска
[2026-05-18 11:59:35] 📄 Найдено 0 потенциальных потоков в результатах поиска
[2026-05-18 11:59:35] 📄 Найдено 0 потенциальных потоков в результатах поиска
[2026-05-18 11:59:35] 📄 Найдено 0 потенциальных потоков в результатах поиска
[2026-05-18 11:59:35] 📄 Найдено 0 потенциальных потоков в результатах поиска
[2026-05-18 11:59:35] 📄 Найдено 0 потенциальных потоков в результатах поиска
[2026-05-18 11:59:35] 📄 Найдено 0 потенциальных потоков в результатах поиска
[2026-05-18 11:59:35] 📄 Найдено 0 потенциальных потоков в результатах поиска
[2026-05-18 11:59:35] 📄 Найдено 0 потенциальных потоков в результатах поиска
[2026-05-18 11:59:35] 📄 Найдено 0 потенциальных потоков в результатах поиска
[2026-05-18 11:59:35] 📄 Найдено 0 потенциальных потоков в результатах поиска
[2026-05-18 11:59:35] 📄 Найдено 0 потенциальных потоков в результатах поиска
[2026-05-18 11:59:35] 📄 Найдено 0 потенциальных потоков в результатах поиска
[2026-05-18 11:59:35] 📄 Найдено 0 потенциальных потоков в результатах поиска
[2026-05-18 11:59:35] 📄 Найдено 0 потенциальных потоков в результатах поиска
[2026-05-18 11:59:35] 📄 Найдено 0 потенциальных потоков в результатах поиска
[2026-05-18 11:59:35] 📄 Найдено 0 потенциальных потоков в результатах поиска
[2026-05-18 11:59:35] 📄 Найдено 0 потенциальных потоков в результатах поиска
[2026-05-18 11:59:35] 📄 Найдено 0 потенциальных потоков в результатах поиска
[2026-05-18 11:59:35] 📄 Найдено 0 потенциальных потоков в результатах поиска
[2026-05-18 11:59:35] 📄 Найдено 0 потенциальных потоков в результатах поиска
[2026-05-18 11:59:35] 📄 Найдено 0 потенциальных потоков в результатах поиска
[2026-05-18 11:59:35] 📄 Найдено 0 потенциальных потоков в результатах поиска
[2026-05-18 11:59:35] 📄 Найдено 0 потенциальных потоков в результатах поиска
[2026-05-18 11:59:35] 📄 Найдено 0 потенциальных потоков в результатах поиска
[2026-05-18 11:59:35] 📄 Найдено 0 потенциальных потоков в результатах поиска
[2026-05-18 11:59:35] 📄 Найдено 0 потенциальных потоков в результатах поиска
[2026-05-18 11:59:35] 📺 Поиск независимых телеканалов...
[2026-05-18 11:59:35] 🔍 Поиск независимых телеканалов (Дождь, RTVI, иноагенты)...
[2026-05-18 11:59:35] 🔍 Поиск на GitHub (через веб-поиск)...
[2026-05-18 11:59:35] 🔍 Поиск новых плейлистов на GitHub (через веб-поиск)...
[2026-05-18 11:59:46] 📡 Сканирование паттернов российских провайдеров...
[2026-05-18 11:59:46] 🔍 Поиск через анализ популярных IPTV паттернов провайдеров РФ...
[2026-05-18 11:59:46] ✅ Найдено потоков: 7645
[2026-05-18 11:59:46] 🆕 Добавлено новых каналов за сессию: 117
[2026-05-18 11:59:46] 💾 Сохранено 7645 потоков
[2026-05-18 11:59:46] 📺 Плейлист сохранён: /workspace/data/playlist.m3u
[2026-05-18 11:59:46] 🎉 Сканирование завершено! Рабочих каналов: 7645
[2026-05-18 12:00:01] 🚀 Запуск ПОИСКОВОГО РОБОТА LiveM3U...
[2026-05-18 12:00:01] 🌐 Поиск по всему интернету (не только GitHub)!
[2026-05-18 12:00:01] 🔄 Режим: добавление новых каналов каждые 30 минут
[2026-05-18 12:00:01] 📚 Загружена история 6907 каналов
[2026-05-18 12:00:01] 📂 Загружено 7645 ранее найденных потоков
[2026-05-18 12:00:01] 🌐 Сканирование публичных IPTV плейлистов...
[2026-05-18 12:00:01] 🌐 Сканирование публичных IPTV плейлистов...
[2026-05-18 12:00:02] 📄 Извлечено 2501 каналов из https://raw.githubusercontent.com/CrocoUser/zabava-project/refs/heads/main/zabava-full.m3u
[2026-05-18 12:00:02] 📄 Извлечено 1888 каналов из https://raw.githubusercontent.com/free-TV/iptv/master/playlist.m3u8
[2026-05-18 12:00:02] 🔍 Поиск по всему интернету (Google, Яндекс)...
[2026-05-18 12:00:02] 🌐 Поиск по всему интернету (поисковые системы, сайты, форумы)...
[2026-05-18 12:00:02] 📄 Найдено 0 потенциальных потоков в результатах поиска
[2026-05-18 12:00:02] 📄 Найдено 0 потенциальных потоков в результатах поиска
[2026-05-18 12:00:02] 📄 Найдено 0 потенциальных потоков в результатах поиска
[2026-05-18 12:00:02] 📄 Найдено 0 потенциальных потоков в результатах поиска
[2026-05-18 12:00:02] 📄 Найдено 0 потенциальных потоков в результатах поиска
[2026-05-18 12:00:02] 📄 Найдено 0 потенциальных потоков в результатах поиска
[2026-05-18 12:00:02] 📄 Найдено 0 потенциальных потоков в результатах поиска
[2026-05-18 12:00:02] 📄 Найдено 0 потенциальных потоков в результатах поиска
[2026-05-18 12:00:02] 📄 Найдено 0 потенциальных потоков в результатах поиска
[2026-05-18 12:00:02] 📄 Найдено 0 потенциальных потоков в результатах поиска
[2026-05-18 12:00:02] 📄 Найдено 0 потенциальных потоков в результатах поиска
[2026-05-18 12:00:02] 📄 Найдено 0 потенциальных потоков в результатах поиска
[2026-05-18 12:00:02] 📄 Найдено 0 потенциальных потоков в результатах поиска
[2026-05-18 12:00:02] 📄 Найдено 0 потенциальных потоков в результатах поиска
[2026-05-18 12:00:02] 📄 Найдено 0 потенциальных потоков в результатах поиска
[2026-05-18 12:00:02] 📄 Найдено 0 потенциальных потоков в результатах поиска
[2026-05-18 12:00:02] 📄 Найдено 0 потенциальных потоков в результатах поиска
[2026-05-18 12:00:02] 📄 Найдено 0 потенциальных потоков в результатах поиска
[2026-05-18 12:00:02] 📄 Найдено 0 потенциальных потоков в результатах поиска
[2026-05-18 12:00:02] 📄 Найдено 0 потенциальных потоков в результатах поиска
[2026-05-18 12:00:02] 📄 Найдено 0 потенциальных потоков в результатах поиска
[2026-05-18 12:00:02] 📄 Найдено 0 потенциальных потоков в результатах поиска
[2026-05-18 12:00:02] 📄 Найдено 0 потенциальных потоков в результатах поиска
[2026-05-18 12:00:02] 📄 Найдено 0 потенциальных потоков в результатах поиска
[2026-05-18 12:00:02] 📄 Найдено 0 потенциальных потоков в результатах поиска
[2026-05-18 12:00:02] 📄 Найдено 0 потенциальных потоков в результатах поиска
[2026-05-18 12:00:02] 📄 Найдено 0 потенциальных потоков в результатах поиска
[2026-05-18 12:00:02] 📄 Найдено 0 потенциальных потоков в результатах поиска
[2026-05-18 12:00:02] 📄 Найдено 0 потенциальных потоков в результатах поиска
[2026-05-18 12:00:02] 📄 Найдено 0 потенциальных потоков в результатах поиска
[2026-05-18 12:00:02] 📄 Найдено 0 потенциальных потоков в результатах поиска
[2026-05-18 12:00:02] 📄 Найдено 0 потенциальных потоков в результатах поиска
[2026-05-18 12:00:02] 📄 Найдено 0 потенциальных потоков в результатах поиска
[2026-05-18 12:00:02] 📄 Найдено 0 потенциальных потоков в результатах поиска
[2026-05-18 12:00:02] 📄 Найдено 0 потенциальных потоков в результатах поиска
[2026-05-18 12:00:02] 📄 Найдено 0 потенциальных потоков в результатах поиска
[2026-05-18 12:00:02] 📄 Найдено 0 потенциальных потоков в результатах поиска
[2026-05-18 12:00:02] 📄 Найдено 0 потенциальных потоков в результатах поиска
[2026-05-18 12:00:02] 📄 Найдено 0 потенциальных потоков в результатах поиска
[2026-05-18 12:00:02] 📄 Найдено 0 потенциальных потоков в результатах поиска
[2026-05-18 12:00:02] 📄 Найдено 0 потенциальных потоков в результатах поиска
[2026-05-18 12:00:02] 📄 Найдено 0 потенциальных потоков в результатах поиска
[2026-05-18 12:00:02] 📺 Поиск независимых телеканалов...
[2026-05-18 12:00:02] 🔍 Поиск независимых телеканалов (Дождь, RTVI, иноагенты)...
[2026-05-18 12:00:02] 🔍 Поиск на GitHub (через веб-поиск)...
[2026-05-18 12:00:02] 🔍 Поиск новых плейлистов на GitHub (через веб-поиск)...
[2026-05-18 12:00:08] 📡 Сканирование паттернов российских провайдеров...
[2026-05-18 12:00:08] 🔍 Поиск через анализ популярных IPTV паттернов провайдеров РФ...
[2026-05-18 12:00:08] ✅ Найдено потоков: 7645
[2026-05-18 12:00:08] 🆕 Добавлено новых каналов за сессию: 0
[2026-05-18 12:00:08] 💾 Сохранено 7645 потоков
[2026-05-18 12:00:08] 📺 Плейлист сохранён: /workspace/data/playlist.m3u
[2026-05-18 12:00:08] 🎉 Сканирование завершено! Рабочих каналов: 7645
[2026-05-18 12:12:28] 🚀 Запуск ПОИСКОВОГО РОБОТА LiveM3U...
[2026-05-18 12:12:28] 🌐 Поиск по всему интернету (не только GitHub)!
[2026-05-18 12:12:28] 🔄 Режим: добавление новых каналов каждые 30 минут
[2026-05-18 12:12:28] 📚 Загружена история 6907 каналов
[2026-05-18 12:12:28] 📂 Загружено 7645 ранее найденных потоков
[2026-05-18 12:12:28] 🌐 Сканирование публичных IPTV плейлистов...
[2026-05-18 12:12:28] 🌐 Сканирование публичных IPTV плейлистов...
[2026-05-18 12:12:28] 📄 Извлечено 2501 каналов из https://raw.githubusercontent.com/CrocoUser/zabava-project/refs/heads/main/zabava-full.m3u
[2026-05-18 12:12:29] 📄 Извлечено 1888 каналов из https://raw.githubusercontent.com/free-TV/iptv/master/playlist.m3u8
[2026-05-18 12:12:29] 🔍 Поиск по всему интернету (Google, Яндекс)...
[2026-05-18 12:12:29] 🌐 Поиск по всему интернету (поисковые системы, сайты, форумы)...
[2026-05-18 12:12:29] 📄 Найдено 0 потенциальных потоков в результатах поиска
[2026-05-18 12:12:29] 📄 Найдено 0 потенциальных потоков в результатах поиска
[2026-05-18 12:12:29] 📄 Найдено 0 потенциальных потоков в результатах поиска
[2026-05-18 12:12:29] 📄 Найдено 0 потенциальных потоков в результатах поиска
[2026-05-18 12:12:29] 📄 Найдено 0 потенциальных потоков в результатах поиска
[2026-05-18 12:12:29] 📄 Найдено 0 потенциальных потоков в результатах поиска
[2026-05-18 12:12:29] 📄 Найдено 0 потенциальных потоков в результатах поиска
[2026-05-18 12:12:29] 📄 Найдено 0 потенциальных потоков в результатах поиска
[2026-05-18 12:12:29] 📄 Найдено 0 потенциальных потоков в результатах поиска
[2026-05-18 12:12:29] 📄 Найдено 0 потенциальных потоков в результатах поиска
[2026-05-18 12:12:29] 📄 Найдено 0 потенциальных потоков в результатах поиска
[2026-05-18 12:12:29] 📄 Найдено 0 потенциальных потоков в результатах поиска
[2026-05-18 12:12:29] 📄 Найдено 0 потенциальных потоков в результатах поиска
[2026-05-18 12:12:29] 📄 Найдено 0 потенциальных потоков в результатах поиска
[2026-05-18 12:12:29] 📄 Найдено 0 потенциальных потоков в результатах поиска
[2026-05-18 12:12:29] 📄 Найдено 0 потенциальных потоков в результатах поиска
[2026-05-18 12:12:29] 📄 Найдено 0 потенциальных потоков в результатах поиска
[2026-05-18 12:12:29] 📄 Найдено 0 потенциальных потоков в результатах поиска
[2026-05-18 12:12:29] 📄 Найдено 0 потенциальных потоков в результатах поиска
[2026-05-18 12:12:29] 📄 Найдено 0 потенциальных потоков в результатах поиска
[2026-05-18 12:12:29] 📄 Найдено 0 потенциальных потоков в результатах поиска
[2026-05-18 12:12:29] 📄 Найдено 0 потенциальных потоков в результатах поиска
[2026-05-18 12:12:29] 📄 Найдено 0 потенциальных потоков в результатах поиска
[2026-05-18 12:12:29] 📄 Найдено 0 потенциальных потоков в результатах поиска
[2026-05-18 12:12:29] 📄 Найдено 0 потенциальных потоков в результатах поиска
[2026-05-18 12:12:29] 📄 Найдено 0 потенциальных потоков в результатах поиска
[2026-05-18 12:12:29] 📄 Найдено 0 потенциальных потоков в результатах поиска
[2026-05-18 12:12:29] 📄 Найдено 0 потенциальных потоков в результатах поиска
[2026-05-18 12:12:29] 📄 Найдено 0 потенциальных потоков в результатах поиска
[2026-05-18 12:12:29] 📄 Найдено 0 потенциальных потоков в результатах поиска
[2026-05-18 12:12:29] 📄 Найдено 0 потенциальных потоков в результатах поиска
[2026-05-18 12:12:29] 📄 Найдено 0 потенциальных потоков в результатах поиска
[2026-05-18 12:12:29] 📄 Найдено 0 потенциальных потоков в результатах поиска
[2026-05-18 12:12:29] 📄 Найдено 0 потенциальных потоков в результатах поиска
[2026-05-18 12:12:29] 📄 Найдено 0 потенциальных потоков в результатах поиска
[2026-05-18 12:12:29] 📄 Найдено 0 потенциальных потоков в результатах поиска
[2026-05-18 12:12:29] 📄 Найдено 0 потенциальных потоков в результатах поиска
[2026-05-18 12:12:29] 📄 Найдено 0 потенциальных потоков в результатах поиска
[2026-05-18 12:12:29] 📄 Найдено 0 потенциальных потоков в результатах поиска
[2026-05-18 12:12:29] 📄 Найдено 0 потенциальных потоков в результатах поиска
[2026-05-18 12:12:29] 📄 Найдено 0 потенциальных потоков в результатах поиска
[2026-05-18 12:12:29] 📄 Найдено 0 потенциальных потоков в результатах поиска
[2026-05-18 12:12:29] 📺 Поиск независимых телеканалов...
[2026-05-18 12:12:29] 🔍 Поиск независимых телеканалов (Дождь, RTVI, иноагенты)...
[2026-05-18 12:12:29] 🔍 Поиск на GitHub (через веб-поиск)...
[2026-05-18 12:12:29] 🔍 Поиск новых плейлистов на GitHub (через веб-поиск)...
[2026-05-18 12:12:40] 📡 Сканирование паттернов российских провайдеров...
[2026-05-18 12:12:40] 🔍 Поиск через анализ популярных IPTV паттернов провайдеров РФ...
[2026-05-18 12:12:40] ✅ Найдено потоков: 7645
[2026-05-18 12:12:40] 🆕 Добавлено новых каналов за сессию: 0
[2026-05-18 12:12:40] 💾 Сохранено 7645 потоков
[2026-05-18 12:12:40] 📺 Плейлист сохранён: /workspace/data/playlist.m3u
[2026-05-18 12:12:40] 🎉 Сканирование завершено! Рабочих каналов: 7645
[2026-05-18 13:32:35] 🚀 Запуск ПОИСКОВОГО РОБОТА LiveM3U...
[2026-05-18 13:32:35] 🌐 Поиск по всему интернету (не только GitHub)!
[2026-05-18 13:32:35] 🔄 Режим: добавление новых каналов каждые 30 минут
[2026-05-18 13:32:35] 📚 Загружена история 6907 каналов
[2026-05-18 13:32:35] 📂 Загружено 7645 ранее найденных потоков
[2026-05-18 13:32:35] 🌐 Сканирование публичных IPTV плейлистов...
[2026-05-18 13:32:35] 🌐 Сканирование публичных IPTV плейлистов...
[2026-05-18 13:32:36] 📄 Извлечено 2501 каналов из https://raw.githubusercontent.com/CrocoUser/zabava-project/refs/heads/main/zabava-full.m3u
[2026-05-18 13:32:36] 📄 Извлечено 1888 каналов из https://raw.githubusercontent.com/free-TV/iptv/master/playlist.m3u8
[2026-05-18 13:32:36] 🔍 Поиск по всему интернету (Google, Яндекс)...
[2026-05-18 13:32:36] 🌐 Поиск по всему интернету (поисковые системы, сайты, форумы)...
[2026-05-18 13:32:37] 📄 Найдено 0 потенциальных потоков в результатах поиска
[2026-05-18 13:32:37] 📄 Найдено 0 потенциальных потоков в результатах поиска
[2026-05-18 13:32:37] 📄 Найдено 0 потенциальных потоков в результатах поиска
[2026-05-18 13:32:37] 📄 Найдено 0 потенциальных потоков в результатах поиска
[2026-05-18 13:32:37] 📄 Найдено 0 потенциальных потоков в результатах поиска
[2026-05-18 13:32:37] 📄 Найдено 0 потенциальных потоков в результатах поиска
[2026-05-18 13:32:37] 📄 Найдено 0 потенциальных потоков в результатах поиска
[2026-05-18 13:32:37] 📄 Найдено 0 потенциальных потоков в результатах поиска
[2026-05-18 13:32:37] 📄 Найдено 0 потенциальных потоков в результатах поиска
[2026-05-18 13:32:37] 📄 Найдено 0 потенциальных потоков в результатах поиска
[2026-05-18 13:32:37] 📄 Найдено 0 потенциальных потоков в результатах поиска
[2026-05-18 13:32:37] 📄 Найдено 0 потенциальных потоков в результатах поиска
[2026-05-18 13:32:37] 📄 Найдено 0 потенциальных потоков в результатах поиска
[2026-05-18 13:32:37] 📄 Найдено 0 потенциальных потоков в результатах поиска
[2026-05-18 13:32:37] 📄 Найдено 0 потенциальных потоков в результатах поиска
[2026-05-18 13:32:37] 📄 Найдено 0 потенциальных потоков в результатах поиска
[2026-05-18 13:32:37] 📄 Найдено 0 потенциальных потоков в результатах поиска
[2026-05-18 13:32:37] 📄 Найдено 0 потенциальных потоков в результатах поиска
[2026-05-18 13:32:37] 📄 Найдено 0 потенциальных потоков в результатах поиска
[2026-05-18 13:32:37] 📄 Найдено 0 потенциальных потоков в результатах поиска
[2026-05-18 13:32:37] 📄 Найдено 0 потенциальных потоков в результатах поиска
[2026-05-18 13:32:37] 📄 Найдено 0 потенциальных потоков в результатах поиска
[2026-05-18 13:32:37] 📄 Найдено 0 потенциальных потоков в результатах поиска
[2026-05-18 13:32:37] 📄 Найдено 0 потенциальных потоков в результатах поиска
[2026-05-18 13:32:37] 📄 Найдено 0 потенциальных потоков в результатах поиска
[2026-05-18 13:32:37] 📄 Найдено 0 потенциальных потоков в результатах поиска
[2026-05-18 13:32:37] 📄 Найдено 0 потенциальных потоков в результатах поиска
[2026-05-18 13:32:37] 📄 Найдено 0 потенциальных потоков в результатах поиска
[2026-05-18 13:32:37] 📄 Найдено 0 потенциальных потоков в результатах поиска
[2026-05-18 13:32:37] 📄 Найдено 0 потенциальных потоков в результатах поиска
[2026-05-18 13:32:37] 📄 Найдено 0 потенциальных потоков в результатах поиска
[2026-05-18 13:32:37] 📄 Найдено 0 потенциальных потоков в результатах поиска
[2026-05-18 13:32:37] 📄 Найдено 0 потенциальных потоков в результатах поиска
[2026-05-18 13:32:37] 📄 Найдено 0 потенциальных потоков в результатах поиска
[2026-05-18 13:32:37] 📄 Найдено 0 потенциальных потоков в результатах поиска
[2026-05-18 13:32:37] 📄 Найдено 0 потенциальных потоков в результатах поиска
[2026-05-18 13:32:37] 📄 Найдено 0 потенциальных потоков в результатах поиска
[2026-05-18 13:32:37] 📄 Найдено 0 потенциальных потоков в результатах поиска
[2026-05-18 13:32:37] 📄 Найдено 0 потенциальных потоков в результатах поиска
[2026-05-18 13:32:37] 📄 Найдено 0 потенциальных потоков в результатах поиска
[2026-05-18 13:32:37] 📄 Найдено 0 потенциальных потоков в результатах поиска
[2026-05-18 13:32:37] 📄 Найдено 0 потенциальных потоков в результатах поиска
[2026-05-18 13:32:37] 📺 Поиск независимых телеканалов...
[2026-05-18 13:32:37] 🔍 Поиск независимых телеканалов (Дождь, RTVI, иноагенты)...
[2026-05-18 13:32:37] 🔍 Поиск на GitHub (через веб-поиск)...
[2026-05-18 13:32:37] 🔍 Поиск новых плейлистов на GitHub (через веб-поиск)...
[2026-05-18 13:32:48] 📡 Сканирование паттернов российских провайдеров...
[2026-05-18 13:32:48] 🔍 Поиск через анализ популярных IPTV паттернов провайдеров РФ...
[2026-05-18 13:32:48] ✅ Найдено потоков: 7645
[2026-05-18 13:32:48] 🆕 Добавлено новых каналов за сессию: 0
[2026-05-18 13:32:48] 💾 Сохранено 7645 потоков
[2026-05-18 13:32:48] 📺 Плейлист сохранён: /workspace/data/playlist.m3u
[2026-05-18 13:32:48] 🎉 Сканирование завершено! Рабочих каналов: 7645
[2026-05-18 13:32:48] 📂 Создание тематических плейлистов...
[2026-05-18 13:32:48] ✅ Создано 172 тематических плейлистов в /workspace/data/playlists
[2026-05-18 13:32:48] 📑 Индексный файл: /workspace/data/playlists/INDEX.m3u
